Start testing: Sep 13 17:34 BRT
----------------------------------------------------------
1/559 Testing: e1_aval_001
1/559 Test: e1_aval_001
Command: "/usr/bin/perl" "-I" "./tests/scripts" "./tests/scripts/tesh" "/home/suporte/Área de Trabalho/pc/tests/e1/aval_001.tesh"
Directory: /home/suporte/Área de Trabalho/pc/build
"e1_aval_001" start time: Sep 13 17:34 BRT
Output:
----------------------------------------------------------
Test suite `/home/suporte/Área de Trabalho/pc/tests/e1/aval_001'
[/home/suporte/Área de Trabalho/pc/tests/e1/aval_001:3] ./main tests/e1/entrada_001
Test suite `/home/suporte/Área de Trabalho/pc/tests/e1/aval_001' OK
<end of output>
Test time =   0.05 sec
----------------------------------------------------------
Test Passed.
"e1_aval_001" end time: Sep 13 17:34 BRT
"e1_aval_001" time elapsed: 00:00:00
----------------------------------------------------------

2/559 Testing: e1_aval_002
2/559 Test: e1_aval_002
Command: "/usr/bin/perl" "-I" "./tests/scripts" "./tests/scripts/tesh" "/home/suporte/Área de Trabalho/pc/tests/e1/aval_002.tesh"
Directory: /home/suporte/Área de Trabalho/pc/build
"e1_aval_002" start time: Sep 13 17:34 BRT
Output:
----------------------------------------------------------
Test suite `/home/suporte/Área de Trabalho/pc/tests/e1/aval_002'
[/home/suporte/Área de Trabalho/pc/tests/e1/aval_002:3] ./main tests/e1/entrada_002
Test suite `/home/suporte/Área de Trabalho/pc/tests/e1/aval_002' OK
<end of output>
Test time =   0.03 sec
----------------------------------------------------------
Test Passed.
"e1_aval_002" end time: Sep 13 17:34 BRT
"e1_aval_002" time elapsed: 00:00:00
----------------------------------------------------------

3/559 Testing: e1_aval_003
3/559 Test: e1_aval_003
Command: "/usr/bin/perl" "-I" "./tests/scripts" "./tests/scripts/tesh" "/home/suporte/Área de Trabalho/pc/tests/e1/aval_003.tesh"
Directory: /home/suporte/Área de Trabalho/pc/build
"e1_aval_003" start time: Sep 13 17:34 BRT
Output:
----------------------------------------------------------
Test suite `/home/suporte/Área de Trabalho/pc/tests/e1/aval_003'
[/home/suporte/Área de Trabalho/pc/tests/e1/aval_003:3] ./main tests/e1/entrada_003
Test suite `/home/suporte/Área de Trabalho/pc/tests/e1/aval_003' OK
<end of output>
Test time =   0.03 sec
----------------------------------------------------------
Test Passed.
"e1_aval_003" end time: Sep 13 17:34 BRT
"e1_aval_003" time elapsed: 00:00:00
----------------------------------------------------------

4/559 Testing: e1_aval_004
4/559 Test: e1_aval_004
Command: "/usr/bin/perl" "-I" "./tests/scripts" "./tests/scripts/tesh" "/home/suporte/Área de Trabalho/pc/tests/e1/aval_004.tesh"
Directory: /home/suporte/Área de Trabalho/pc/build
"e1_aval_004" start time: Sep 13 17:34 BRT
Output:
----------------------------------------------------------
Test suite `/home/suporte/Área de Trabalho/pc/tests/e1/aval_004'
[/home/suporte/Área de Trabalho/pc/tests/e1/aval_004:3] ./main tests/e1/entrada_004
Test suite `/home/suporte/Área de Trabalho/pc/tests/e1/aval_004' OK
<end of output>
Test time =   0.03 sec
----------------------------------------------------------
Test Passed.
"e1_aval_004" end time: Sep 13 17:34 BRT
"e1_aval_004" time elapsed: 00:00:00
----------------------------------------------------------

5/559 Testing: e1_aval_005
5/559 Test: e1_aval_005
Command: "/usr/bin/perl" "-I" "./tests/scripts" "./tests/scripts/tesh" "/home/suporte/Área de Trabalho/pc/tests/e1/aval_005.tesh"
Directory: /home/suporte/Área de Trabalho/pc/build
"e1_aval_005" start time: Sep 13 17:34 BRT
Output:
----------------------------------------------------------
Test suite `/home/suporte/Área de Trabalho/pc/tests/e1/aval_005'
[/home/suporte/Área de Trabalho/pc/tests/e1/aval_005:3] ./main tests/e1/entrada_005
Test suite `/home/suporte/Área de Trabalho/pc/tests/e1/aval_005' OK
<end of output>
Test time =   0.03 sec
----------------------------------------------------------
Test Passed.
"e1_aval_005" end time: Sep 13 17:34 BRT
"e1_aval_005" time elapsed: 00:00:00
----------------------------------------------------------

6/559 Testing: e1_aval_006
6/559 Test: e1_aval_006
Command: "/usr/bin/perl" "-I" "./tests/scripts" "./tests/scripts/tesh" "/home/suporte/Área de Trabalho/pc/tests/e1/aval_006.tesh"
Directory: /home/suporte/Área de Trabalho/pc/build
"e1_aval_006" start time: Sep 13 17:34 BRT
Output:
----------------------------------------------------------
Test suite `/home/suporte/Área de Trabalho/pc/tests/e1/aval_006'
[/home/suporte/Área de Trabalho/pc/tests/e1/aval_006:3] ./main tests/e1/entrada_006
Test suite `/home/suporte/Área de Trabalho/pc/tests/e1/aval_006' OK
<end of output>
Test time =   0.03 sec
----------------------------------------------------------
Test Passed.
"e1_aval_006" end time: Sep 13 17:34 BRT
"e1_aval_006" time elapsed: 00:00:00
----------------------------------------------------------

7/559 Testing: e1_aval_007
7/559 Test: e1_aval_007
Command: "/usr/bin/perl" "-I" "./tests/scripts" "./tests/scripts/tesh" "/home/suporte/Área de Trabalho/pc/tests/e1/aval_007.tesh"
Directory: /home/suporte/Área de Trabalho/pc/build
"e1_aval_007" start time: Sep 13 17:34 BRT
Output:
----------------------------------------------------------
Test suite `/home/suporte/Área de Trabalho/pc/tests/e1/aval_007'
[/home/suporte/Área de Trabalho/pc/tests/e1/aval_007:3] ./main tests/e1/entrada_007
Test suite `/home/suporte/Área de Trabalho/pc/tests/e1/aval_007' OK
<end of output>
Test time =   0.03 sec
----------------------------------------------------------
Test Passed.
"e1_aval_007" end time: Sep 13 17:34 BRT
"e1_aval_007" time elapsed: 00:00:00
----------------------------------------------------------

8/559 Testing: e1_aval_008
8/559 Test: e1_aval_008
Command: "/usr/bin/perl" "-I" "./tests/scripts" "./tests/scripts/tesh" "/home/suporte/Área de Trabalho/pc/tests/e1/aval_008.tesh"
Directory: /home/suporte/Área de Trabalho/pc/build
"e1_aval_008" start time: Sep 13 17:34 BRT
Output:
----------------------------------------------------------
Test suite `/home/suporte/Área de Trabalho/pc/tests/e1/aval_008'
[/home/suporte/Área de Trabalho/pc/tests/e1/aval_008:3] ./main tests/e1/entrada_008
Test suite `/home/suporte/Área de Trabalho/pc/tests/e1/aval_008' OK
<end of output>
Test time =   0.03 sec
----------------------------------------------------------
Test Passed.
"e1_aval_008" end time: Sep 13 17:34 BRT
"e1_aval_008" time elapsed: 00:00:00
----------------------------------------------------------

9/559 Testing: e1_aval_009
9/559 Test: e1_aval_009
Command: "/usr/bin/perl" "-I" "./tests/scripts" "./tests/scripts/tesh" "/home/suporte/Área de Trabalho/pc/tests/e1/aval_009.tesh"
Directory: /home/suporte/Área de Trabalho/pc/build
"e1_aval_009" start time: Sep 13 17:34 BRT
Output:
----------------------------------------------------------
Test suite `/home/suporte/Área de Trabalho/pc/tests/e1/aval_009'
[/home/suporte/Área de Trabalho/pc/tests/e1/aval_009:3] ./main tests/e1/entrada_009
Test suite `/home/suporte/Área de Trabalho/pc/tests/e1/aval_009' OK
<end of output>
Test time =   0.03 sec
----------------------------------------------------------
Test Passed.
"e1_aval_009" end time: Sep 13 17:34 BRT
"e1_aval_009" time elapsed: 00:00:00
----------------------------------------------------------

10/559 Testing: e1_aval_010
10/559 Test: e1_aval_010
Command: "/usr/bin/perl" "-I" "./tests/scripts" "./tests/scripts/tesh" "/home/suporte/Área de Trabalho/pc/tests/e1/aval_010.tesh"
Directory: /home/suporte/Área de Trabalho/pc/build
"e1_aval_010" start time: Sep 13 17:34 BRT
Output:
----------------------------------------------------------
Test suite `/home/suporte/Área de Trabalho/pc/tests/e1/aval_010'
[/home/suporte/Área de Trabalho/pc/tests/e1/aval_010:3] ./main tests/e1/entrada_010
Test suite `/home/suporte/Área de Trabalho/pc/tests/e1/aval_010' OK
<end of output>
Test time =   0.03 sec
----------------------------------------------------------
Test Passed.
"e1_aval_010" end time: Sep 13 17:34 BRT
"e1_aval_010" time elapsed: 00:00:00
----------------------------------------------------------

11/559 Testing: e1_aval_011
11/559 Test: e1_aval_011
Command: "/usr/bin/perl" "-I" "./tests/scripts" "./tests/scripts/tesh" "/home/suporte/Área de Trabalho/pc/tests/e1/aval_011.tesh"
Directory: /home/suporte/Área de Trabalho/pc/build
"e1_aval_011" start time: Sep 13 17:34 BRT
Output:
----------------------------------------------------------
Test suite `/home/suporte/Área de Trabalho/pc/tests/e1/aval_011'
[/home/suporte/Área de Trabalho/pc/tests/e1/aval_011:3] ./main tests/e1/entrada_011
Test suite `/home/suporte/Área de Trabalho/pc/tests/e1/aval_011' OK
<end of output>
Test time =   0.03 sec
----------------------------------------------------------
Test Passed.
"e1_aval_011" end time: Sep 13 17:34 BRT
"e1_aval_011" time elapsed: 00:00:00
----------------------------------------------------------

12/559 Testing: e1_aval_012
12/559 Test: e1_aval_012
Command: "/usr/bin/perl" "-I" "./tests/scripts" "./tests/scripts/tesh" "/home/suporte/Área de Trabalho/pc/tests/e1/aval_012.tesh"
Directory: /home/suporte/Área de Trabalho/pc/build
"e1_aval_012" start time: Sep 13 17:34 BRT
Output:
----------------------------------------------------------
Test suite `/home/suporte/Área de Trabalho/pc/tests/e1/aval_012'
[/home/suporte/Área de Trabalho/pc/tests/e1/aval_012:3] ./main tests/e1/entrada_012
Test suite `/home/suporte/Área de Trabalho/pc/tests/e1/aval_012' OK
<end of output>
Test time =   0.03 sec
----------------------------------------------------------
Test Passed.
"e1_aval_012" end time: Sep 13 17:34 BRT
"e1_aval_012" time elapsed: 00:00:00
----------------------------------------------------------

13/559 Testing: e1_aval_013
13/559 Test: e1_aval_013
Command: "/usr/bin/perl" "-I" "./tests/scripts" "./tests/scripts/tesh" "/home/suporte/Área de Trabalho/pc/tests/e1/aval_013.tesh"
Directory: /home/suporte/Área de Trabalho/pc/build
"e1_aval_013" start time: Sep 13 17:34 BRT
Output:
----------------------------------------------------------
Test suite `/home/suporte/Área de Trabalho/pc/tests/e1/aval_013'
[/home/suporte/Área de Trabalho/pc/tests/e1/aval_013:3] ./main tests/e1/entrada_013
Test suite `/home/suporte/Área de Trabalho/pc/tests/e1/aval_013' OK
<end of output>
Test time =   0.03 sec
----------------------------------------------------------
Test Passed.
"e1_aval_013" end time: Sep 13 17:34 BRT
"e1_aval_013" time elapsed: 00:00:00
----------------------------------------------------------

14/559 Testing: e1_aval_014
14/559 Test: e1_aval_014
Command: "/usr/bin/perl" "-I" "./tests/scripts" "./tests/scripts/tesh" "/home/suporte/Área de Trabalho/pc/tests/e1/aval_014.tesh"
Directory: /home/suporte/Área de Trabalho/pc/build
"e1_aval_014" start time: Sep 13 17:34 BRT
Output:
----------------------------------------------------------
Test suite `/home/suporte/Área de Trabalho/pc/tests/e1/aval_014'
[/home/suporte/Área de Trabalho/pc/tests/e1/aval_014:3] ./main tests/e1/entrada_014
Test suite `/home/suporte/Área de Trabalho/pc/tests/e1/aval_014' OK
<end of output>
Test time =   0.03 sec
----------------------------------------------------------
Test Passed.
"e1_aval_014" end time: Sep 13 17:34 BRT
"e1_aval_014" time elapsed: 00:00:00
----------------------------------------------------------

15/559 Testing: e1_aval_015
15/559 Test: e1_aval_015
Command: "/usr/bin/perl" "-I" "./tests/scripts" "./tests/scripts/tesh" "/home/suporte/Área de Trabalho/pc/tests/e1/aval_015.tesh"
Directory: /home/suporte/Área de Trabalho/pc/build
"e1_aval_015" start time: Sep 13 17:34 BRT
Output:
----------------------------------------------------------
Test suite `/home/suporte/Área de Trabalho/pc/tests/e1/aval_015'
[/home/suporte/Área de Trabalho/pc/tests/e1/aval_015:3] ./main tests/e1/entrada_015
Test suite `/home/suporte/Área de Trabalho/pc/tests/e1/aval_015' OK
<end of output>
Test time =   0.03 sec
----------------------------------------------------------
Test Passed.
"e1_aval_015" end time: Sep 13 17:34 BRT
"e1_aval_015" time elapsed: 00:00:00
----------------------------------------------------------

16/559 Testing: e1_aval_016
16/559 Test: e1_aval_016
Command: "/usr/bin/perl" "-I" "./tests/scripts" "./tests/scripts/tesh" "/home/suporte/Área de Trabalho/pc/tests/e1/aval_016.tesh"
Directory: /home/suporte/Área de Trabalho/pc/build
"e1_aval_016" start time: Sep 13 17:34 BRT
Output:
----------------------------------------------------------
Test suite `/home/suporte/Área de Trabalho/pc/tests/e1/aval_016'
[/home/suporte/Área de Trabalho/pc/tests/e1/aval_016:3] ./main tests/e1/entrada_016
Test suite `/home/suporte/Área de Trabalho/pc/tests/e1/aval_016' OK
<end of output>
Test time =   0.03 sec
----------------------------------------------------------
Test Passed.
"e1_aval_016" end time: Sep 13 17:34 BRT
"e1_aval_016" time elapsed: 00:00:00
----------------------------------------------------------

17/559 Testing: e1_aval_017
17/559 Test: e1_aval_017
Command: "/usr/bin/perl" "-I" "./tests/scripts" "./tests/scripts/tesh" "/home/suporte/Área de Trabalho/pc/tests/e1/aval_017.tesh"
Directory: /home/suporte/Área de Trabalho/pc/build
"e1_aval_017" start time: Sep 13 17:34 BRT
Output:
----------------------------------------------------------
Test suite `/home/suporte/Área de Trabalho/pc/tests/e1/aval_017'
[/home/suporte/Área de Trabalho/pc/tests/e1/aval_017:3] ./main tests/e1/entrada_017
Test suite `/home/suporte/Área de Trabalho/pc/tests/e1/aval_017' OK
<end of output>
Test time =   0.03 sec
----------------------------------------------------------
Test Passed.
"e1_aval_017" end time: Sep 13 17:34 BRT
"e1_aval_017" time elapsed: 00:00:00
----------------------------------------------------------

18/559 Testing: e1_aval_018
18/559 Test: e1_aval_018
Command: "/usr/bin/perl" "-I" "./tests/scripts" "./tests/scripts/tesh" "/home/suporte/Área de Trabalho/pc/tests/e1/aval_018.tesh"
Directory: /home/suporte/Área de Trabalho/pc/build
"e1_aval_018" start time: Sep 13 17:34 BRT
Output:
----------------------------------------------------------
Test suite `/home/suporte/Área de Trabalho/pc/tests/e1/aval_018'
[/home/suporte/Área de Trabalho/pc/tests/e1/aval_018:3] ./main tests/e1/entrada_018
Test suite `/home/suporte/Área de Trabalho/pc/tests/e1/aval_018' OK
<end of output>
Test time =   0.03 sec
----------------------------------------------------------
Test Passed.
"e1_aval_018" end time: Sep 13 17:34 BRT
"e1_aval_018" time elapsed: 00:00:00
----------------------------------------------------------

19/559 Testing: e1_aval_019
19/559 Test: e1_aval_019
Command: "/usr/bin/perl" "-I" "./tests/scripts" "./tests/scripts/tesh" "/home/suporte/Área de Trabalho/pc/tests/e1/aval_019.tesh"
Directory: /home/suporte/Área de Trabalho/pc/build
"e1_aval_019" start time: Sep 13 17:34 BRT
Output:
----------------------------------------------------------
Test suite `/home/suporte/Área de Trabalho/pc/tests/e1/aval_019'
[/home/suporte/Área de Trabalho/pc/tests/e1/aval_019:3] ./main tests/e1/entrada_019
Test suite `/home/suporte/Área de Trabalho/pc/tests/e1/aval_019' OK
<end of output>
Test time =   0.03 sec
----------------------------------------------------------
Test Passed.
"e1_aval_019" end time: Sep 13 17:34 BRT
"e1_aval_019" time elapsed: 00:00:00
----------------------------------------------------------

20/559 Testing: e1_aval_020
20/559 Test: e1_aval_020
Command: "/usr/bin/perl" "-I" "./tests/scripts" "./tests/scripts/tesh" "/home/suporte/Área de Trabalho/pc/tests/e1/aval_020.tesh"
Directory: /home/suporte/Área de Trabalho/pc/build
"e1_aval_020" start time: Sep 13 17:34 BRT
Output:
----------------------------------------------------------
Test suite `/home/suporte/Área de Trabalho/pc/tests/e1/aval_020'
[/home/suporte/Área de Trabalho/pc/tests/e1/aval_020:3] ./main tests/e1/entrada_020
Test suite `/home/suporte/Área de Trabalho/pc/tests/e1/aval_020' OK
<end of output>
Test time =   0.03 sec
----------------------------------------------------------
Test Passed.
"e1_aval_020" end time: Sep 13 17:34 BRT
"e1_aval_020" time elapsed: 00:00:00
----------------------------------------------------------

21/559 Testing: e1_aval_021
21/559 Test: e1_aval_021
Command: "/usr/bin/perl" "-I" "./tests/scripts" "./tests/scripts/tesh" "/home/suporte/Área de Trabalho/pc/tests/e1/aval_021.tesh"
Directory: /home/suporte/Área de Trabalho/pc/build
"e1_aval_021" start time: Sep 13 17:34 BRT
Output:
----------------------------------------------------------
Test suite `/home/suporte/Área de Trabalho/pc/tests/e1/aval_021'
[/home/suporte/Área de Trabalho/pc/tests/e1/aval_021:3] ./main tests/e1/entrada_021
Test suite `/home/suporte/Área de Trabalho/pc/tests/e1/aval_021' OK
<end of output>
Test time =   0.03 sec
----------------------------------------------------------
Test Passed.
"e1_aval_021" end time: Sep 13 17:34 BRT
"e1_aval_021" time elapsed: 00:00:00
----------------------------------------------------------

22/559 Testing: e1_aval_022
22/559 Test: e1_aval_022
Command: "/usr/bin/perl" "-I" "./tests/scripts" "./tests/scripts/tesh" "/home/suporte/Área de Trabalho/pc/tests/e1/aval_022.tesh"
Directory: /home/suporte/Área de Trabalho/pc/build
"e1_aval_022" start time: Sep 13 17:34 BRT
Output:
----------------------------------------------------------
Test suite `/home/suporte/Área de Trabalho/pc/tests/e1/aval_022'
[/home/suporte/Área de Trabalho/pc/tests/e1/aval_022:3] ./main tests/e1/entrada_022
Test suite `/home/suporte/Área de Trabalho/pc/tests/e1/aval_022' OK
<end of output>
Test time =   0.03 sec
----------------------------------------------------------
Test Passed.
"e1_aval_022" end time: Sep 13 17:34 BRT
"e1_aval_022" time elapsed: 00:00:00
----------------------------------------------------------

23/559 Testing: e1_aval_023
23/559 Test: e1_aval_023
Command: "/usr/bin/perl" "-I" "./tests/scripts" "./tests/scripts/tesh" "/home/suporte/Área de Trabalho/pc/tests/e1/aval_023.tesh"
Directory: /home/suporte/Área de Trabalho/pc/build
"e1_aval_023" start time: Sep 13 17:34 BRT
Output:
----------------------------------------------------------
Test suite `/home/suporte/Área de Trabalho/pc/tests/e1/aval_023'
[/home/suporte/Área de Trabalho/pc/tests/e1/aval_023:3] ./main tests/e1/entrada_023
Test suite `/home/suporte/Área de Trabalho/pc/tests/e1/aval_023' OK
<end of output>
Test time =   0.03 sec
----------------------------------------------------------
Test Passed.
"e1_aval_023" end time: Sep 13 17:34 BRT
"e1_aval_023" time elapsed: 00:00:00
----------------------------------------------------------

24/559 Testing: e1_aval_024
24/559 Test: e1_aval_024
Command: "/usr/bin/perl" "-I" "./tests/scripts" "./tests/scripts/tesh" "/home/suporte/Área de Trabalho/pc/tests/e1/aval_024.tesh"
Directory: /home/suporte/Área de Trabalho/pc/build
"e1_aval_024" start time: Sep 13 17:34 BRT
Output:
----------------------------------------------------------
Test suite `/home/suporte/Área de Trabalho/pc/tests/e1/aval_024'
[/home/suporte/Área de Trabalho/pc/tests/e1/aval_024:3] ./main tests/e1/entrada_024
Test suite `/home/suporte/Área de Trabalho/pc/tests/e1/aval_024' OK
<end of output>
Test time =   0.03 sec
----------------------------------------------------------
Test Passed.
"e1_aval_024" end time: Sep 13 17:34 BRT
"e1_aval_024" time elapsed: 00:00:00
----------------------------------------------------------

25/559 Testing: e1_aval_025
25/559 Test: e1_aval_025
Command: "/usr/bin/perl" "-I" "./tests/scripts" "./tests/scripts/tesh" "/home/suporte/Área de Trabalho/pc/tests/e1/aval_025.tesh"
Directory: /home/suporte/Área de Trabalho/pc/build
"e1_aval_025" start time: Sep 13 17:34 BRT
Output:
----------------------------------------------------------
Test suite `/home/suporte/Área de Trabalho/pc/tests/e1/aval_025'
[/home/suporte/Área de Trabalho/pc/tests/e1/aval_025:3] ./main tests/e1/entrada_025
Test suite `/home/suporte/Área de Trabalho/pc/tests/e1/aval_025' OK
<end of output>
Test time =   0.03 sec
----------------------------------------------------------
Test Passed.
"e1_aval_025" end time: Sep 13 17:34 BRT
"e1_aval_025" time elapsed: 00:00:00
----------------------------------------------------------

26/559 Testing: e1_aval_026
26/559 Test: e1_aval_026
Command: "/usr/bin/perl" "-I" "./tests/scripts" "./tests/scripts/tesh" "/home/suporte/Área de Trabalho/pc/tests/e1/aval_026.tesh"
Directory: /home/suporte/Área de Trabalho/pc/build
"e1_aval_026" start time: Sep 13 17:34 BRT
Output:
----------------------------------------------------------
Test suite `/home/suporte/Área de Trabalho/pc/tests/e1/aval_026'
[/home/suporte/Área de Trabalho/pc/tests/e1/aval_026:3] ./main tests/e1/entrada_026
Test suite `/home/suporte/Área de Trabalho/pc/tests/e1/aval_026' OK
<end of output>
Test time =   0.03 sec
----------------------------------------------------------
Test Passed.
"e1_aval_026" end time: Sep 13 17:34 BRT
"e1_aval_026" time elapsed: 00:00:00
----------------------------------------------------------

27/559 Testing: e1_aval_027
27/559 Test: e1_aval_027
Command: "/usr/bin/perl" "-I" "./tests/scripts" "./tests/scripts/tesh" "/home/suporte/Área de Trabalho/pc/tests/e1/aval_027.tesh"
Directory: /home/suporte/Área de Trabalho/pc/build
"e1_aval_027" start time: Sep 13 17:34 BRT
Output:
----------------------------------------------------------
Test suite `/home/suporte/Área de Trabalho/pc/tests/e1/aval_027'
[/home/suporte/Área de Trabalho/pc/tests/e1/aval_027:3] ./main tests/e1/entrada_027
Test suite `/home/suporte/Área de Trabalho/pc/tests/e1/aval_027' OK
<end of output>
Test time =   0.03 sec
----------------------------------------------------------
Test Passed.
"e1_aval_027" end time: Sep 13 17:34 BRT
"e1_aval_027" time elapsed: 00:00:00
----------------------------------------------------------

28/559 Testing: e1_aval_028
28/559 Test: e1_aval_028
Command: "/usr/bin/perl" "-I" "./tests/scripts" "./tests/scripts/tesh" "/home/suporte/Área de Trabalho/pc/tests/e1/aval_028.tesh"
Directory: /home/suporte/Área de Trabalho/pc/build
"e1_aval_028" start time: Sep 13 17:34 BRT
Output:
----------------------------------------------------------
Test suite `/home/suporte/Área de Trabalho/pc/tests/e1/aval_028'
[/home/suporte/Área de Trabalho/pc/tests/e1/aval_028:3] ./main tests/e1/entrada_028
Test suite `/home/suporte/Área de Trabalho/pc/tests/e1/aval_028' OK
<end of output>
Test time =   0.03 sec
----------------------------------------------------------
Test Passed.
"e1_aval_028" end time: Sep 13 17:34 BRT
"e1_aval_028" time elapsed: 00:00:00
----------------------------------------------------------

29/559 Testing: e1_aval_029
29/559 Test: e1_aval_029
Command: "/usr/bin/perl" "-I" "./tests/scripts" "./tests/scripts/tesh" "/home/suporte/Área de Trabalho/pc/tests/e1/aval_029.tesh"
Directory: /home/suporte/Área de Trabalho/pc/build
"e1_aval_029" start time: Sep 13 17:34 BRT
Output:
----------------------------------------------------------
Test suite `/home/suporte/Área de Trabalho/pc/tests/e1/aval_029'
[/home/suporte/Área de Trabalho/pc/tests/e1/aval_029:3] ./main tests/e1/entrada_029
Test suite `/home/suporte/Área de Trabalho/pc/tests/e1/aval_029' OK
<end of output>
Test time =   0.03 sec
----------------------------------------------------------
Test Passed.
"e1_aval_029" end time: Sep 13 17:34 BRT
"e1_aval_029" time elapsed: 00:00:00
----------------------------------------------------------

30/559 Testing: e1_aval_030
30/559 Test: e1_aval_030
Command: "/usr/bin/perl" "-I" "./tests/scripts" "./tests/scripts/tesh" "/home/suporte/Área de Trabalho/pc/tests/e1/aval_030.tesh"
Directory: /home/suporte/Área de Trabalho/pc/build
"e1_aval_030" start time: Sep 13 17:34 BRT
Output:
----------------------------------------------------------
Test suite `/home/suporte/Área de Trabalho/pc/tests/e1/aval_030'
[/home/suporte/Área de Trabalho/pc/tests/e1/aval_030:3] ./main tests/e1/entrada_030
Test suite `/home/suporte/Área de Trabalho/pc/tests/e1/aval_030' OK
<end of output>
Test time =   0.03 sec
----------------------------------------------------------
Test Passed.
"e1_aval_030" end time: Sep 13 17:34 BRT
"e1_aval_030" time elapsed: 00:00:00
----------------------------------------------------------

31/559 Testing: e1_aval_031
31/559 Test: e1_aval_031
Command: "/usr/bin/perl" "-I" "./tests/scripts" "./tests/scripts/tesh" "/home/suporte/Área de Trabalho/pc/tests/e1/aval_031.tesh"
Directory: /home/suporte/Área de Trabalho/pc/build
"e1_aval_031" start time: Sep 13 17:34 BRT
Output:
----------------------------------------------------------
Test suite `/home/suporte/Área de Trabalho/pc/tests/e1/aval_031'
[/home/suporte/Área de Trabalho/pc/tests/e1/aval_031:3] ./main tests/e1/entrada_031
Test suite `/home/suporte/Área de Trabalho/pc/tests/e1/aval_031' OK
<end of output>
Test time =   0.03 sec
----------------------------------------------------------
Test Passed.
"e1_aval_031" end time: Sep 13 17:34 BRT
"e1_aval_031" time elapsed: 00:00:00
----------------------------------------------------------

32/559 Testing: e1_aval_032
32/559 Test: e1_aval_032
Command: "/usr/bin/perl" "-I" "./tests/scripts" "./tests/scripts/tesh" "/home/suporte/Área de Trabalho/pc/tests/e1/aval_032.tesh"
Directory: /home/suporte/Área de Trabalho/pc/build
"e1_aval_032" start time: Sep 13 17:34 BRT
Output:
----------------------------------------------------------
Test suite `/home/suporte/Área de Trabalho/pc/tests/e1/aval_032'
[/home/suporte/Área de Trabalho/pc/tests/e1/aval_032:3] ./main tests/e1/entrada_032
Test suite `/home/suporte/Área de Trabalho/pc/tests/e1/aval_032' OK
<end of output>
Test time =   0.03 sec
----------------------------------------------------------
Test Passed.
"e1_aval_032" end time: Sep 13 17:34 BRT
"e1_aval_032" time elapsed: 00:00:00
----------------------------------------------------------

33/559 Testing: e1_aval_033
33/559 Test: e1_aval_033
Command: "/usr/bin/perl" "-I" "./tests/scripts" "./tests/scripts/tesh" "/home/suporte/Área de Trabalho/pc/tests/e1/aval_033.tesh"
Directory: /home/suporte/Área de Trabalho/pc/build
"e1_aval_033" start time: Sep 13 17:34 BRT
Output:
----------------------------------------------------------
Test suite `/home/suporte/Área de Trabalho/pc/tests/e1/aval_033'
[/home/suporte/Área de Trabalho/pc/tests/e1/aval_033:3] ./main tests/e1/entrada_033
Test suite `/home/suporte/Área de Trabalho/pc/tests/e1/aval_033' OK
<end of output>
Test time =   0.03 sec
----------------------------------------------------------
Test Passed.
"e1_aval_033" end time: Sep 13 17:34 BRT
"e1_aval_033" time elapsed: 00:00:00
----------------------------------------------------------

34/559 Testing: e1_aval_034
34/559 Test: e1_aval_034
Command: "/usr/bin/perl" "-I" "./tests/scripts" "./tests/scripts/tesh" "/home/suporte/Área de Trabalho/pc/tests/e1/aval_034.tesh"
Directory: /home/suporte/Área de Trabalho/pc/build
"e1_aval_034" start time: Sep 13 17:34 BRT
Output:
----------------------------------------------------------
Test suite `/home/suporte/Área de Trabalho/pc/tests/e1/aval_034'
[/home/suporte/Área de Trabalho/pc/tests/e1/aval_034:3] ./main tests/e1/entrada_034
Test suite `/home/suporte/Área de Trabalho/pc/tests/e1/aval_034' OK
<end of output>
Test time =   0.03 sec
----------------------------------------------------------
Test Passed.
"e1_aval_034" end time: Sep 13 17:34 BRT
"e1_aval_034" time elapsed: 00:00:00
----------------------------------------------------------

35/559 Testing: e1_aval_035
35/559 Test: e1_aval_035
Command: "/usr/bin/perl" "-I" "./tests/scripts" "./tests/scripts/tesh" "/home/suporte/Área de Trabalho/pc/tests/e1/aval_035.tesh"
Directory: /home/suporte/Área de Trabalho/pc/build
"e1_aval_035" start time: Sep 13 17:34 BRT
Output:
----------------------------------------------------------
Test suite `/home/suporte/Área de Trabalho/pc/tests/e1/aval_035'
[/home/suporte/Área de Trabalho/pc/tests/e1/aval_035:3] ./main tests/e1/entrada_035
Test suite `/home/suporte/Área de Trabalho/pc/tests/e1/aval_035' OK
<end of output>
Test time =   0.03 sec
----------------------------------------------------------
Test Passed.
"e1_aval_035" end time: Sep 13 17:34 BRT
"e1_aval_035" time elapsed: 00:00:00
----------------------------------------------------------

36/559 Testing: e1_aval_036
36/559 Test: e1_aval_036
Command: "/usr/bin/perl" "-I" "./tests/scripts" "./tests/scripts/tesh" "/home/suporte/Área de Trabalho/pc/tests/e1/aval_036.tesh"
Directory: /home/suporte/Área de Trabalho/pc/build
"e1_aval_036" start time: Sep 13 17:34 BRT
Output:
----------------------------------------------------------
Test suite `/home/suporte/Área de Trabalho/pc/tests/e1/aval_036'
[/home/suporte/Área de Trabalho/pc/tests/e1/aval_036:3] ./main tests/e1/entrada_036
Test suite `/home/suporte/Área de Trabalho/pc/tests/e1/aval_036' OK
<end of output>
Test time =   0.03 sec
----------------------------------------------------------
Test Passed.
"e1_aval_036" end time: Sep 13 17:34 BRT
"e1_aval_036" time elapsed: 00:00:00
----------------------------------------------------------

37/559 Testing: e1_aval_037
37/559 Test: e1_aval_037
Command: "/usr/bin/perl" "-I" "./tests/scripts" "./tests/scripts/tesh" "/home/suporte/Área de Trabalho/pc/tests/e1/aval_037.tesh"
Directory: /home/suporte/Área de Trabalho/pc/build
"e1_aval_037" start time: Sep 13 17:34 BRT
Output:
----------------------------------------------------------
Test suite `/home/suporte/Área de Trabalho/pc/tests/e1/aval_037'
[/home/suporte/Área de Trabalho/pc/tests/e1/aval_037:3] ./main tests/e1/entrada_037
Test suite `/home/suporte/Área de Trabalho/pc/tests/e1/aval_037' OK
<end of output>
Test time =   0.03 sec
----------------------------------------------------------
Test Passed.
"e1_aval_037" end time: Sep 13 17:34 BRT
"e1_aval_037" time elapsed: 00:00:00
----------------------------------------------------------

38/559 Testing: e1_aval_038
38/559 Test: e1_aval_038
Command: "/usr/bin/perl" "-I" "./tests/scripts" "./tests/scripts/tesh" "/home/suporte/Área de Trabalho/pc/tests/e1/aval_038.tesh"
Directory: /home/suporte/Área de Trabalho/pc/build
"e1_aval_038" start time: Sep 13 17:34 BRT
Output:
----------------------------------------------------------
Test suite `/home/suporte/Área de Trabalho/pc/tests/e1/aval_038'
[/home/suporte/Área de Trabalho/pc/tests/e1/aval_038:3] ./main tests/e1/entrada_038
Test suite `/home/suporte/Área de Trabalho/pc/tests/e1/aval_038' OK
<end of output>
Test time =   0.03 sec
----------------------------------------------------------
Test Passed.
"e1_aval_038" end time: Sep 13 17:34 BRT
"e1_aval_038" time elapsed: 00:00:00
----------------------------------------------------------

39/559 Testing: e1_aval_039
39/559 Test: e1_aval_039
Command: "/usr/bin/perl" "-I" "./tests/scripts" "./tests/scripts/tesh" "/home/suporte/Área de Trabalho/pc/tests/e1/aval_039.tesh"
Directory: /home/suporte/Área de Trabalho/pc/build
"e1_aval_039" start time: Sep 13 17:34 BRT
Output:
----------------------------------------------------------
Test suite `/home/suporte/Área de Trabalho/pc/tests/e1/aval_039'
[/home/suporte/Área de Trabalho/pc/tests/e1/aval_039:3] ./main tests/e1/entrada_039
Test suite `/home/suporte/Área de Trabalho/pc/tests/e1/aval_039' OK
<end of output>
Test time =   0.03 sec
----------------------------------------------------------
Test Passed.
"e1_aval_039" end time: Sep 13 17:34 BRT
"e1_aval_039" time elapsed: 00:00:00
----------------------------------------------------------

40/559 Testing: e1_aval_040
40/559 Test: e1_aval_040
Command: "/usr/bin/perl" "-I" "./tests/scripts" "./tests/scripts/tesh" "/home/suporte/Área de Trabalho/pc/tests/e1/aval_040.tesh"
Directory: /home/suporte/Área de Trabalho/pc/build
"e1_aval_040" start time: Sep 13 17:34 BRT
Output:
----------------------------------------------------------
Test suite `/home/suporte/Área de Trabalho/pc/tests/e1/aval_040'
[/home/suporte/Área de Trabalho/pc/tests/e1/aval_040:3] ./main tests/e1/entrada_040
Test suite `/home/suporte/Área de Trabalho/pc/tests/e1/aval_040' OK
<end of output>
Test time =   0.03 sec
----------------------------------------------------------
Test Passed.
"e1_aval_040" end time: Sep 13 17:34 BRT
"e1_aval_040" time elapsed: 00:00:00
----------------------------------------------------------

41/559 Testing: e1_aval_041
41/559 Test: e1_aval_041
Command: "/usr/bin/perl" "-I" "./tests/scripts" "./tests/scripts/tesh" "/home/suporte/Área de Trabalho/pc/tests/e1/aval_041.tesh"
Directory: /home/suporte/Área de Trabalho/pc/build
"e1_aval_041" start time: Sep 13 17:34 BRT
Output:
----------------------------------------------------------
Test suite `/home/suporte/Área de Trabalho/pc/tests/e1/aval_041'
[/home/suporte/Área de Trabalho/pc/tests/e1/aval_041:3] ./main tests/e1/entrada_041
Test suite `/home/suporte/Área de Trabalho/pc/tests/e1/aval_041' OK
<end of output>
Test time =   0.03 sec
----------------------------------------------------------
Test Passed.
"e1_aval_041" end time: Sep 13 17:34 BRT
"e1_aval_041" time elapsed: 00:00:00
----------------------------------------------------------

42/559 Testing: e1_aval_042
42/559 Test: e1_aval_042
Command: "/usr/bin/perl" "-I" "./tests/scripts" "./tests/scripts/tesh" "/home/suporte/Área de Trabalho/pc/tests/e1/aval_042.tesh"
Directory: /home/suporte/Área de Trabalho/pc/build
"e1_aval_042" start time: Sep 13 17:34 BRT
Output:
----------------------------------------------------------
Test suite `/home/suporte/Área de Trabalho/pc/tests/e1/aval_042'
[/home/suporte/Área de Trabalho/pc/tests/e1/aval_042:3] ./main tests/e1/entrada_042
Test suite `/home/suporte/Área de Trabalho/pc/tests/e1/aval_042' OK
<end of output>
Test time =   0.03 sec
----------------------------------------------------------
Test Passed.
"e1_aval_042" end time: Sep 13 17:34 BRT
"e1_aval_042" time elapsed: 00:00:00
----------------------------------------------------------

43/559 Testing: e1_aval_043
43/559 Test: e1_aval_043
Command: "/usr/bin/perl" "-I" "./tests/scripts" "./tests/scripts/tesh" "/home/suporte/Área de Trabalho/pc/tests/e1/aval_043.tesh"
Directory: /home/suporte/Área de Trabalho/pc/build
"e1_aval_043" start time: Sep 13 17:34 BRT
Output:
----------------------------------------------------------
Test suite `/home/suporte/Área de Trabalho/pc/tests/e1/aval_043'
[/home/suporte/Área de Trabalho/pc/tests/e1/aval_043:3] ./main tests/e1/entrada_043
Test suite `/home/suporte/Área de Trabalho/pc/tests/e1/aval_043' OK
<end of output>
Test time =   0.03 sec
----------------------------------------------------------
Test Passed.
"e1_aval_043" end time: Sep 13 17:34 BRT
"e1_aval_043" time elapsed: 00:00:00
----------------------------------------------------------

44/559 Testing: e1_aval_044
44/559 Test: e1_aval_044
Command: "/usr/bin/perl" "-I" "./tests/scripts" "./tests/scripts/tesh" "/home/suporte/Área de Trabalho/pc/tests/e1/aval_044.tesh"
Directory: /home/suporte/Área de Trabalho/pc/build
"e1_aval_044" start time: Sep 13 17:34 BRT
Output:
----------------------------------------------------------
Test suite `/home/suporte/Área de Trabalho/pc/tests/e1/aval_044'
[/home/suporte/Área de Trabalho/pc/tests/e1/aval_044:3] ./main tests/e1/entrada_044
Test suite `/home/suporte/Área de Trabalho/pc/tests/e1/aval_044' OK
<end of output>
Test time =   0.03 sec
----------------------------------------------------------
Test Passed.
"e1_aval_044" end time: Sep 13 17:34 BRT
"e1_aval_044" time elapsed: 00:00:00
----------------------------------------------------------

45/559 Testing: e1_aval_045
45/559 Test: e1_aval_045
Command: "/usr/bin/perl" "-I" "./tests/scripts" "./tests/scripts/tesh" "/home/suporte/Área de Trabalho/pc/tests/e1/aval_045.tesh"
Directory: /home/suporte/Área de Trabalho/pc/build
"e1_aval_045" start time: Sep 13 17:34 BRT
Output:
----------------------------------------------------------
Test suite `/home/suporte/Área de Trabalho/pc/tests/e1/aval_045'
[/home/suporte/Área de Trabalho/pc/tests/e1/aval_045:3] ./main tests/e1/entrada_045
Test suite `/home/suporte/Área de Trabalho/pc/tests/e1/aval_045' OK
<end of output>
Test time =   0.03 sec
----------------------------------------------------------
Test Passed.
"e1_aval_045" end time: Sep 13 17:34 BRT
"e1_aval_045" time elapsed: 00:00:00
----------------------------------------------------------

46/559 Testing: e1_aval_046
46/559 Test: e1_aval_046
Command: "/usr/bin/perl" "-I" "./tests/scripts" "./tests/scripts/tesh" "/home/suporte/Área de Trabalho/pc/tests/e1/aval_046.tesh"
Directory: /home/suporte/Área de Trabalho/pc/build
"e1_aval_046" start time: Sep 13 17:34 BRT
Output:
----------------------------------------------------------
Test suite `/home/suporte/Área de Trabalho/pc/tests/e1/aval_046'
[/home/suporte/Área de Trabalho/pc/tests/e1/aval_046:3] ./main tests/e1/entrada_046
Test suite `/home/suporte/Área de Trabalho/pc/tests/e1/aval_046' OK
<end of output>
Test time =   0.03 sec
----------------------------------------------------------
Test Passed.
"e1_aval_046" end time: Sep 13 17:34 BRT
"e1_aval_046" time elapsed: 00:00:00
----------------------------------------------------------

47/559 Testing: e1_aval_047
47/559 Test: e1_aval_047
Command: "/usr/bin/perl" "-I" "./tests/scripts" "./tests/scripts/tesh" "/home/suporte/Área de Trabalho/pc/tests/e1/aval_047.tesh"
Directory: /home/suporte/Área de Trabalho/pc/build
"e1_aval_047" start time: Sep 13 17:34 BRT
Output:
----------------------------------------------------------
Test suite `/home/suporte/Área de Trabalho/pc/tests/e1/aval_047'
[/home/suporte/Área de Trabalho/pc/tests/e1/aval_047:3] ./main tests/e1/entrada_047
Test suite `/home/suporte/Área de Trabalho/pc/tests/e1/aval_047' OK
<end of output>
Test time =   0.03 sec
----------------------------------------------------------
Test Passed.
"e1_aval_047" end time: Sep 13 17:34 BRT
"e1_aval_047" time elapsed: 00:00:00
----------------------------------------------------------

48/559 Testing: e1_aval_048
48/559 Test: e1_aval_048
Command: "/usr/bin/perl" "-I" "./tests/scripts" "./tests/scripts/tesh" "/home/suporte/Área de Trabalho/pc/tests/e1/aval_048.tesh"
Directory: /home/suporte/Área de Trabalho/pc/build
"e1_aval_048" start time: Sep 13 17:34 BRT
Output:
----------------------------------------------------------
Test suite `/home/suporte/Área de Trabalho/pc/tests/e1/aval_048'
[/home/suporte/Área de Trabalho/pc/tests/e1/aval_048:3] ./main tests/e1/entrada_048
Test suite `/home/suporte/Área de Trabalho/pc/tests/e1/aval_048' OK
<end of output>
Test time =   0.03 sec
----------------------------------------------------------
Test Passed.
"e1_aval_048" end time: Sep 13 17:34 BRT
"e1_aval_048" time elapsed: 00:00:00
----------------------------------------------------------

49/559 Testing: e1_aval_049
49/559 Test: e1_aval_049
Command: "/usr/bin/perl" "-I" "./tests/scripts" "./tests/scripts/tesh" "/home/suporte/Área de Trabalho/pc/tests/e1/aval_049.tesh"
Directory: /home/suporte/Área de Trabalho/pc/build
"e1_aval_049" start time: Sep 13 17:34 BRT
Output:
----------------------------------------------------------
Test suite `/home/suporte/Área de Trabalho/pc/tests/e1/aval_049'
[/home/suporte/Área de Trabalho/pc/tests/e1/aval_049:3] ./main tests/e1/entrada_049
Test suite `/home/suporte/Área de Trabalho/pc/tests/e1/aval_049' OK
<end of output>
Test time =   0.03 sec
----------------------------------------------------------
Test Passed.
"e1_aval_049" end time: Sep 13 17:34 BRT
"e1_aval_049" time elapsed: 00:00:00
----------------------------------------------------------

50/559 Testing: e1_aval_050
50/559 Test: e1_aval_050
Command: "/usr/bin/perl" "-I" "./tests/scripts" "./tests/scripts/tesh" "/home/suporte/Área de Trabalho/pc/tests/e1/aval_050.tesh"
Directory: /home/suporte/Área de Trabalho/pc/build
"e1_aval_050" start time: Sep 13 17:34 BRT
Output:
----------------------------------------------------------
Test suite `/home/suporte/Área de Trabalho/pc/tests/e1/aval_050'
[/home/suporte/Área de Trabalho/pc/tests/e1/aval_050:3] ./main tests/e1/entrada_050
Test suite `/home/suporte/Área de Trabalho/pc/tests/e1/aval_050' OK
<end of output>
Test time =   0.03 sec
----------------------------------------------------------
Test Passed.
"e1_aval_050" end time: Sep 13 17:34 BRT
"e1_aval_050" time elapsed: 00:00:00
----------------------------------------------------------

51/559 Testing: e1_aval_051
51/559 Test: e1_aval_051
Command: "/usr/bin/perl" "-I" "./tests/scripts" "./tests/scripts/tesh" "/home/suporte/Área de Trabalho/pc/tests/e1/aval_051.tesh"
Directory: /home/suporte/Área de Trabalho/pc/build
"e1_aval_051" start time: Sep 13 17:34 BRT
Output:
----------------------------------------------------------
Test suite `/home/suporte/Área de Trabalho/pc/tests/e1/aval_051'
[/home/suporte/Área de Trabalho/pc/tests/e1/aval_051:3] ./main tests/e1/entrada_051
Test suite `/home/suporte/Área de Trabalho/pc/tests/e1/aval_051' OK
<end of output>
Test time =   0.03 sec
----------------------------------------------------------
Test Passed.
"e1_aval_051" end time: Sep 13 17:34 BRT
"e1_aval_051" time elapsed: 00:00:00
----------------------------------------------------------

52/559 Testing: e1_aval_052
52/559 Test: e1_aval_052
Command: "/usr/bin/perl" "-I" "./tests/scripts" "./tests/scripts/tesh" "/home/suporte/Área de Trabalho/pc/tests/e1/aval_052.tesh"
Directory: /home/suporte/Área de Trabalho/pc/build
"e1_aval_052" start time: Sep 13 17:34 BRT
Output:
----------------------------------------------------------
Test suite `/home/suporte/Área de Trabalho/pc/tests/e1/aval_052'
[/home/suporte/Área de Trabalho/pc/tests/e1/aval_052:3] ./main tests/e1/entrada_052
Test suite `/home/suporte/Área de Trabalho/pc/tests/e1/aval_052' OK
<end of output>
Test time =   0.03 sec
----------------------------------------------------------
Test Passed.
"e1_aval_052" end time: Sep 13 17:34 BRT
"e1_aval_052" time elapsed: 00:00:00
----------------------------------------------------------

53/559 Testing: e1_aval_053
53/559 Test: e1_aval_053
Command: "/usr/bin/perl" "-I" "./tests/scripts" "./tests/scripts/tesh" "/home/suporte/Área de Trabalho/pc/tests/e1/aval_053.tesh"
Directory: /home/suporte/Área de Trabalho/pc/build
"e1_aval_053" start time: Sep 13 17:34 BRT
Output:
----------------------------------------------------------
Test suite `/home/suporte/Área de Trabalho/pc/tests/e1/aval_053'
[/home/suporte/Área de Trabalho/pc/tests/e1/aval_053:3] ./main tests/e1/entrada_053
Test suite `/home/suporte/Área de Trabalho/pc/tests/e1/aval_053' OK
<end of output>
Test time =   0.03 sec
----------------------------------------------------------
Test Passed.
"e1_aval_053" end time: Sep 13 17:34 BRT
"e1_aval_053" time elapsed: 00:00:00
----------------------------------------------------------

54/559 Testing: e1_aval_054
54/559 Test: e1_aval_054
Command: "/usr/bin/perl" "-I" "./tests/scripts" "./tests/scripts/tesh" "/home/suporte/Área de Trabalho/pc/tests/e1/aval_054.tesh"
Directory: /home/suporte/Área de Trabalho/pc/build
"e1_aval_054" start time: Sep 13 17:34 BRT
Output:
----------------------------------------------------------
Test suite `/home/suporte/Área de Trabalho/pc/tests/e1/aval_054'
[/home/suporte/Área de Trabalho/pc/tests/e1/aval_054:3] ./main tests/e1/entrada_054
Test suite `/home/suporte/Área de Trabalho/pc/tests/e1/aval_054' OK
<end of output>
Test time =   0.03 sec
----------------------------------------------------------
Test Passed.
"e1_aval_054" end time: Sep 13 17:34 BRT
"e1_aval_054" time elapsed: 00:00:00
----------------------------------------------------------

55/559 Testing: e1_aval_055
55/559 Test: e1_aval_055
Command: "/usr/bin/perl" "-I" "./tests/scripts" "./tests/scripts/tesh" "/home/suporte/Área de Trabalho/pc/tests/e1/aval_055.tesh"
Directory: /home/suporte/Área de Trabalho/pc/build
"e1_aval_055" start time: Sep 13 17:34 BRT
Output:
----------------------------------------------------------
Test suite `/home/suporte/Área de Trabalho/pc/tests/e1/aval_055'
[/home/suporte/Área de Trabalho/pc/tests/e1/aval_055:3] ./main tests/e1/entrada_055
Test suite `/home/suporte/Área de Trabalho/pc/tests/e1/aval_055' OK
<end of output>
Test time =   0.03 sec
----------------------------------------------------------
Test Passed.
"e1_aval_055" end time: Sep 13 17:34 BRT
"e1_aval_055" time elapsed: 00:00:00
----------------------------------------------------------

56/559 Testing: e1_aval_056
56/559 Test: e1_aval_056
Command: "/usr/bin/perl" "-I" "./tests/scripts" "./tests/scripts/tesh" "/home/suporte/Área de Trabalho/pc/tests/e1/aval_056.tesh"
Directory: /home/suporte/Área de Trabalho/pc/build
"e1_aval_056" start time: Sep 13 17:34 BRT
Output:
----------------------------------------------------------
Test suite `/home/suporte/Área de Trabalho/pc/tests/e1/aval_056'
[/home/suporte/Área de Trabalho/pc/tests/e1/aval_056:3] ./main tests/e1/entrada_056
Test suite `/home/suporte/Área de Trabalho/pc/tests/e1/aval_056' OK
<end of output>
Test time =   0.03 sec
----------------------------------------------------------
Test Passed.
"e1_aval_056" end time: Sep 13 17:34 BRT
"e1_aval_056" time elapsed: 00:00:00
----------------------------------------------------------

57/559 Testing: e1_aval_057
57/559 Test: e1_aval_057
Command: "/usr/bin/perl" "-I" "./tests/scripts" "./tests/scripts/tesh" "/home/suporte/Área de Trabalho/pc/tests/e1/aval_057.tesh"
Directory: /home/suporte/Área de Trabalho/pc/build
"e1_aval_057" start time: Sep 13 17:34 BRT
Output:
----------------------------------------------------------
Test suite `/home/suporte/Área de Trabalho/pc/tests/e1/aval_057'
[/home/suporte/Área de Trabalho/pc/tests/e1/aval_057:3] ./main tests/e1/entrada_057
Test suite `/home/suporte/Área de Trabalho/pc/tests/e1/aval_057' OK
<end of output>
Test time =   0.03 sec
----------------------------------------------------------
Test Passed.
"e1_aval_057" end time: Sep 13 17:34 BRT
"e1_aval_057" time elapsed: 00:00:00
----------------------------------------------------------

58/559 Testing: e1_aval_058
58/559 Test: e1_aval_058
Command: "/usr/bin/perl" "-I" "./tests/scripts" "./tests/scripts/tesh" "/home/suporte/Área de Trabalho/pc/tests/e1/aval_058.tesh"
Directory: /home/suporte/Área de Trabalho/pc/build
"e1_aval_058" start time: Sep 13 17:34 BRT
Output:
----------------------------------------------------------
Test suite `/home/suporte/Área de Trabalho/pc/tests/e1/aval_058'
[/home/suporte/Área de Trabalho/pc/tests/e1/aval_058:3] ./main tests/e1/entrada_058
Test suite `/home/suporte/Área de Trabalho/pc/tests/e1/aval_058' OK
<end of output>
Test time =   0.03 sec
----------------------------------------------------------
Test Passed.
"e1_aval_058" end time: Sep 13 17:34 BRT
"e1_aval_058" time elapsed: 00:00:00
----------------------------------------------------------

59/559 Testing: e1_aval_059
59/559 Test: e1_aval_059
Command: "/usr/bin/perl" "-I" "./tests/scripts" "./tests/scripts/tesh" "/home/suporte/Área de Trabalho/pc/tests/e1/aval_059.tesh"
Directory: /home/suporte/Área de Trabalho/pc/build
"e1_aval_059" start time: Sep 13 17:34 BRT
Output:
----------------------------------------------------------
Test suite `/home/suporte/Área de Trabalho/pc/tests/e1/aval_059'
[/home/suporte/Área de Trabalho/pc/tests/e1/aval_059:3] ./main tests/e1/entrada_059
Test suite `/home/suporte/Área de Trabalho/pc/tests/e1/aval_059' OK
<end of output>
Test time =   0.03 sec
----------------------------------------------------------
Test Passed.
"e1_aval_059" end time: Sep 13 17:34 BRT
"e1_aval_059" time elapsed: 00:00:00
----------------------------------------------------------

60/559 Testing: e1_aval_060
60/559 Test: e1_aval_060
Command: "/usr/bin/perl" "-I" "./tests/scripts" "./tests/scripts/tesh" "/home/suporte/Área de Trabalho/pc/tests/e1/aval_060.tesh"
Directory: /home/suporte/Área de Trabalho/pc/build
"e1_aval_060" start time: Sep 13 17:34 BRT
Output:
----------------------------------------------------------
Test suite `/home/suporte/Área de Trabalho/pc/tests/e1/aval_060'
[/home/suporte/Área de Trabalho/pc/tests/e1/aval_060:3] ./main tests/e1/entrada_060
Test suite `/home/suporte/Área de Trabalho/pc/tests/e1/aval_060' OK
<end of output>
Test time =   0.03 sec
----------------------------------------------------------
Test Passed.
"e1_aval_060" end time: Sep 13 17:34 BRT
"e1_aval_060" time elapsed: 00:00:00
----------------------------------------------------------

61/559 Testing: e1_aval_061
61/559 Test: e1_aval_061
Command: "/usr/bin/perl" "-I" "./tests/scripts" "./tests/scripts/tesh" "/home/suporte/Área de Trabalho/pc/tests/e1/aval_061.tesh"
Directory: /home/suporte/Área de Trabalho/pc/build
"e1_aval_061" start time: Sep 13 17:34 BRT
Output:
----------------------------------------------------------
Test suite `/home/suporte/Área de Trabalho/pc/tests/e1/aval_061'
[/home/suporte/Área de Trabalho/pc/tests/e1/aval_061:3] ./main tests/e1/entrada_061
Test suite `/home/suporte/Área de Trabalho/pc/tests/e1/aval_061' OK
<end of output>
Test time =   0.03 sec
----------------------------------------------------------
Test Passed.
"e1_aval_061" end time: Sep 13 17:34 BRT
"e1_aval_061" time elapsed: 00:00:00
----------------------------------------------------------

62/559 Testing: e1_aval_062
62/559 Test: e1_aval_062
Command: "/usr/bin/perl" "-I" "./tests/scripts" "./tests/scripts/tesh" "/home/suporte/Área de Trabalho/pc/tests/e1/aval_062.tesh"
Directory: /home/suporte/Área de Trabalho/pc/build
"e1_aval_062" start time: Sep 13 17:34 BRT
Output:
----------------------------------------------------------
Test suite `/home/suporte/Área de Trabalho/pc/tests/e1/aval_062'
[/home/suporte/Área de Trabalho/pc/tests/e1/aval_062:3] ./main tests/e1/entrada_062
Output of </home/suporte/Área de Trabalho/pc/tests/e1/aval_062.tesh:3> mismatch:
- 1 TK_LIT_INT [-12]
+ 1 TK_ESPECIAL [-]
+ 1 TK_LIT_INT [12]
Test suite `/home/suporte/Área de Trabalho/pc/tests/e1/aval_062.tesh': NOK (</home/suporte/Área de Trabalho/pc/tests/e1/aval_062.tesh:3> output mismatch)
<end of output>
Test time =   0.03 sec
----------------------------------------------------------
Test Failed.
"e1_aval_062" end time: Sep 13 17:34 BRT
"e1_aval_062" time elapsed: 00:00:00
----------------------------------------------------------

63/559 Testing: e1_aval_063
63/559 Test: e1_aval_063
Command: "/usr/bin/perl" "-I" "./tests/scripts" "./tests/scripts/tesh" "/home/suporte/Área de Trabalho/pc/tests/e1/aval_063.tesh"
Directory: /home/suporte/Área de Trabalho/pc/build
"e1_aval_063" start time: Sep 13 17:34 BRT
Output:
----------------------------------------------------------
Test suite `/home/suporte/Área de Trabalho/pc/tests/e1/aval_063'
[/home/suporte/Área de Trabalho/pc/tests/e1/aval_063:3] ./main tests/e1/entrada_063
Output of </home/suporte/Área de Trabalho/pc/tests/e1/aval_063.tesh:3> mismatch:
- 1 TK_LIT_INT [+12]
+ 1 TK_ESPECIAL [+]
+ 1 TK_LIT_INT [12]
Test suite `/home/suporte/Área de Trabalho/pc/tests/e1/aval_063.tesh': NOK (</home/suporte/Área de Trabalho/pc/tests/e1/aval_063.tesh:3> output mismatch)
<end of output>
Test time =   0.03 sec
----------------------------------------------------------
Test Failed.
"e1_aval_063" end time: Sep 13 17:34 BRT
"e1_aval_063" time elapsed: 00:00:00
----------------------------------------------------------

64/559 Testing: e1_aval_064
64/559 Test: e1_aval_064
Command: "/usr/bin/perl" "-I" "./tests/scripts" "./tests/scripts/tesh" "/home/suporte/Área de Trabalho/pc/tests/e1/aval_064.tesh"
Directory: /home/suporte/Área de Trabalho/pc/build
"e1_aval_064" start time: Sep 13 17:34 BRT
Output:
----------------------------------------------------------
Test suite `/home/suporte/Área de Trabalho/pc/tests/e1/aval_064'
[/home/suporte/Área de Trabalho/pc/tests/e1/aval_064:3] ./main tests/e1/entrada_064
Test suite `/home/suporte/Área de Trabalho/pc/tests/e1/aval_064' OK
<end of output>
Test time =   0.03 sec
----------------------------------------------------------
Test Passed.
"e1_aval_064" end time: Sep 13 17:34 BRT
"e1_aval_064" time elapsed: 00:00:00
----------------------------------------------------------

65/559 Testing: e1_aval_065
65/559 Test: e1_aval_065
Command: "/usr/bin/perl" "-I" "./tests/scripts" "./tests/scripts/tesh" "/home/suporte/Área de Trabalho/pc/tests/e1/aval_065.tesh"
Directory: /home/suporte/Área de Trabalho/pc/build
"e1_aval_065" start time: Sep 13 17:34 BRT
Output:
----------------------------------------------------------
Test suite `/home/suporte/Área de Trabalho/pc/tests/e1/aval_065'
[/home/suporte/Área de Trabalho/pc/tests/e1/aval_065:3] ./main tests/e1/entrada_065
Output of </home/suporte/Área de Trabalho/pc/tests/e1/aval_065.tesh:3> mismatch:
- 1 TK_LIT_FLOAT [-12.34]
+ 1 TK_ESPECIAL [-]
+ 1 TK_LIT_FLOAT [12.34]
Test suite `/home/suporte/Área de Trabalho/pc/tests/e1/aval_065.tesh': NOK (</home/suporte/Área de Trabalho/pc/tests/e1/aval_065.tesh:3> output mismatch)
<end of output>
Test time =   0.03 sec
----------------------------------------------------------
Test Failed.
"e1_aval_065" end time: Sep 13 17:34 BRT
"e1_aval_065" time elapsed: 00:00:00
----------------------------------------------------------

66/559 Testing: e1_aval_066
66/559 Test: e1_aval_066
Command: "/usr/bin/perl" "-I" "./tests/scripts" "./tests/scripts/tesh" "/home/suporte/Área de Trabalho/pc/tests/e1/aval_066.tesh"
Directory: /home/suporte/Área de Trabalho/pc/build
"e1_aval_066" start time: Sep 13 17:34 BRT
Output:
----------------------------------------------------------
Test suite `/home/suporte/Área de Trabalho/pc/tests/e1/aval_066'
[/home/suporte/Área de Trabalho/pc/tests/e1/aval_066:3] ./main tests/e1/entrada_066
Output of </home/suporte/Área de Trabalho/pc/tests/e1/aval_066.tesh:3> mismatch:
- 1 TK_LIT_FLOAT [+12.34]
+ 1 TK_ESPECIAL [+]
+ 1 TK_LIT_FLOAT [12.34]
Test suite `/home/suporte/Área de Trabalho/pc/tests/e1/aval_066.tesh': NOK (</home/suporte/Área de Trabalho/pc/tests/e1/aval_066.tesh:3> output mismatch)
<end of output>
Test time =   0.03 sec
----------------------------------------------------------
Test Failed.
"e1_aval_066" end time: Sep 13 17:34 BRT
"e1_aval_066" time elapsed: 00:00:00
----------------------------------------------------------

67/559 Testing: e1_aval_067
67/559 Test: e1_aval_067
Command: "/usr/bin/perl" "-I" "./tests/scripts" "./tests/scripts/tesh" "/home/suporte/Área de Trabalho/pc/tests/e1/aval_067.tesh"
Directory: /home/suporte/Área de Trabalho/pc/build
"e1_aval_067" start time: Sep 13 17:34 BRT
Output:
----------------------------------------------------------
Test suite `/home/suporte/Área de Trabalho/pc/tests/e1/aval_067'
[/home/suporte/Área de Trabalho/pc/tests/e1/aval_067:3] ./main tests/e1/entrada_067
Test suite `/home/suporte/Área de Trabalho/pc/tests/e1/aval_067' OK
<end of output>
Test time =   0.03 sec
----------------------------------------------------------
Test Passed.
"e1_aval_067" end time: Sep 13 17:34 BRT
"e1_aval_067" time elapsed: 00:00:00
----------------------------------------------------------

68/559 Testing: e1_aval_068
68/559 Test: e1_aval_068
Command: "/usr/bin/perl" "-I" "./tests/scripts" "./tests/scripts/tesh" "/home/suporte/Área de Trabalho/pc/tests/e1/aval_068.tesh"
Directory: /home/suporte/Área de Trabalho/pc/build
"e1_aval_068" start time: Sep 13 17:34 BRT
Output:
----------------------------------------------------------
Test suite `/home/suporte/Área de Trabalho/pc/tests/e1/aval_068'
[/home/suporte/Área de Trabalho/pc/tests/e1/aval_068:3] ./main tests/e1/entrada_068
Test suite `/home/suporte/Área de Trabalho/pc/tests/e1/aval_068' OK
<end of output>
Test time =   0.03 sec
----------------------------------------------------------
Test Passed.
"e1_aval_068" end time: Sep 13 17:34 BRT
"e1_aval_068" time elapsed: 00:00:00
----------------------------------------------------------

69/559 Testing: e1_aval_069
69/559 Test: e1_aval_069
Command: "/usr/bin/perl" "-I" "./tests/scripts" "./tests/scripts/tesh" "/home/suporte/Área de Trabalho/pc/tests/e1/aval_069.tesh"
Directory: /home/suporte/Área de Trabalho/pc/build
"e1_aval_069" start time: Sep 13 17:34 BRT
Output:
----------------------------------------------------------
Test suite `/home/suporte/Área de Trabalho/pc/tests/e1/aval_069'
[/home/suporte/Área de Trabalho/pc/tests/e1/aval_069:3] ./main tests/e1/entrada_069
Test suite `/home/suporte/Área de Trabalho/pc/tests/e1/aval_069' OK
<end of output>
Test time =   0.03 sec
----------------------------------------------------------
Test Passed.
"e1_aval_069" end time: Sep 13 17:34 BRT
"e1_aval_069" time elapsed: 00:00:00
----------------------------------------------------------

70/559 Testing: e1_aval_070
70/559 Test: e1_aval_070
Command: "/usr/bin/perl" "-I" "./tests/scripts" "./tests/scripts/tesh" "/home/suporte/Área de Trabalho/pc/tests/e1/aval_070.tesh"
Directory: /home/suporte/Área de Trabalho/pc/build
"e1_aval_070" start time: Sep 13 17:34 BRT
Output:
----------------------------------------------------------
Test suite `/home/suporte/Área de Trabalho/pc/tests/e1/aval_070'
[/home/suporte/Área de Trabalho/pc/tests/e1/aval_070:3] ./main tests/e1/entrada_070
Test suite `/home/suporte/Área de Trabalho/pc/tests/e1/aval_070' OK
<end of output>
Test time =   0.03 sec
----------------------------------------------------------
Test Passed.
"e1_aval_070" end time: Sep 13 17:34 BRT
"e1_aval_070" time elapsed: 00:00:00
----------------------------------------------------------

71/559 Testing: e1_aval_071
71/559 Test: e1_aval_071
Command: "/usr/bin/perl" "-I" "./tests/scripts" "./tests/scripts/tesh" "/home/suporte/Área de Trabalho/pc/tests/e1/aval_071.tesh"
Directory: /home/suporte/Área de Trabalho/pc/build
"e1_aval_071" start time: Sep 13 17:34 BRT
Output:
----------------------------------------------------------
Test suite `/home/suporte/Área de Trabalho/pc/tests/e1/aval_071'
[/home/suporte/Área de Trabalho/pc/tests/e1/aval_071:3] ./main tests/e1/entrada_071
Test suite `/home/suporte/Área de Trabalho/pc/tests/e1/aval_071' OK
<end of output>
Test time =   0.03 sec
----------------------------------------------------------
Test Passed.
"e1_aval_071" end time: Sep 13 17:34 BRT
"e1_aval_071" time elapsed: 00:00:00
----------------------------------------------------------

72/559 Testing: e1_aval_072
72/559 Test: e1_aval_072
Command: "/usr/bin/perl" "-I" "./tests/scripts" "./tests/scripts/tesh" "/home/suporte/Área de Trabalho/pc/tests/e1/aval_072.tesh"
Directory: /home/suporte/Área de Trabalho/pc/build
"e1_aval_072" start time: Sep 13 17:34 BRT
Output:
----------------------------------------------------------
Test suite `/home/suporte/Área de Trabalho/pc/tests/e1/aval_072'
[/home/suporte/Área de Trabalho/pc/tests/e1/aval_072:3] ./main tests/e1/entrada_072
Test suite `/home/suporte/Área de Trabalho/pc/tests/e1/aval_072' OK
<end of output>
Test time =   0.03 sec
----------------------------------------------------------
Test Passed.
"e1_aval_072" end time: Sep 13 17:34 BRT
"e1_aval_072" time elapsed: 00:00:00
----------------------------------------------------------

73/559 Testing: e1_aval_073
73/559 Test: e1_aval_073
Command: "/usr/bin/perl" "-I" "./tests/scripts" "./tests/scripts/tesh" "/home/suporte/Área de Trabalho/pc/tests/e1/aval_073.tesh"
Directory: /home/suporte/Área de Trabalho/pc/build
"e1_aval_073" start time: Sep 13 17:34 BRT
Output:
----------------------------------------------------------
Test suite `/home/suporte/Área de Trabalho/pc/tests/e1/aval_073'
[/home/suporte/Área de Trabalho/pc/tests/e1/aval_073:3] ./main tests/e1/entrada_073
Test suite `/home/suporte/Área de Trabalho/pc/tests/e1/aval_073' OK
<end of output>
Test time =   0.03 sec
----------------------------------------------------------
Test Passed.
"e1_aval_073" end time: Sep 13 17:34 BRT
"e1_aval_073" time elapsed: 00:00:00
----------------------------------------------------------

74/559 Testing: e1_aval_074
74/559 Test: e1_aval_074
Command: "/usr/bin/perl" "-I" "./tests/scripts" "./tests/scripts/tesh" "/home/suporte/Área de Trabalho/pc/tests/e1/aval_074.tesh"
Directory: /home/suporte/Área de Trabalho/pc/build
"e1_aval_074" start time: Sep 13 17:34 BRT
Output:
----------------------------------------------------------
Test suite `/home/suporte/Área de Trabalho/pc/tests/e1/aval_074'
[/home/suporte/Área de Trabalho/pc/tests/e1/aval_074:3] ./main tests/e1/entrada_074
[Tesh/INFO] setenv INF47_TABLE=True
[/home/suporte/Área de Trabalho/pc/tests/e1/aval_074:7] "./main tests/e1/entrada_074 | sort"
Output of </home/suporte/Área de Trabalho/pc/tests/e1/aval_074.tesh:7> mismatch:
- 1 [12]
- 3 [78]
+ [12] 1
+ [78] 3
Test suite `/home/suporte/Área de Trabalho/pc/tests/e1/aval_074.tesh': NOK (</home/suporte/Área de Trabalho/pc/tests/e1/aval_074.tesh:7> output mismatch)
<end of output>
Test time =   0.03 sec
----------------------------------------------------------
Test Failed.
"e1_aval_074" end time: Sep 13 17:34 BRT
"e1_aval_074" time elapsed: 00:00:00
----------------------------------------------------------

75/559 Testing: e1_aval_075
75/559 Test: e1_aval_075
Command: "/usr/bin/perl" "-I" "./tests/scripts" "./tests/scripts/tesh" "/home/suporte/Área de Trabalho/pc/tests/e1/aval_075.tesh"
Directory: /home/suporte/Área de Trabalho/pc/build
"e1_aval_075" start time: Sep 13 17:34 BRT
Output:
----------------------------------------------------------
Test suite `/home/suporte/Área de Trabalho/pc/tests/e1/aval_075'
[/home/suporte/Área de Trabalho/pc/tests/e1/aval_075:3] ./main tests/e1/entrada_075
[Tesh/INFO] setenv INF47_TABLE=True
[/home/suporte/Área de Trabalho/pc/tests/e1/aval_075:7] "./main tests/e1/entrada_075 | sort"
Output of </home/suporte/Área de Trabalho/pc/tests/e1/aval_075.tesh:7> mismatch:
- 1 [12]
- 3 [78]
+ [12] 1
+ [78] 3
Test suite `/home/suporte/Área de Trabalho/pc/tests/e1/aval_075.tesh': NOK (</home/suporte/Área de Trabalho/pc/tests/e1/aval_075.tesh:7> output mismatch)
<end of output>
Test time =   0.03 sec
----------------------------------------------------------
Test Failed.
"e1_aval_075" end time: Sep 13 17:34 BRT
"e1_aval_075" time elapsed: 00:00:00
----------------------------------------------------------

76/559 Testing: e1_aval_076
76/559 Test: e1_aval_076
Command: "/usr/bin/perl" "-I" "./tests/scripts" "./tests/scripts/tesh" "/home/suporte/Área de Trabalho/pc/tests/e1/aval_076.tesh"
Directory: /home/suporte/Área de Trabalho/pc/build
"e1_aval_076" start time: Sep 13 17:34 BRT
Output:
----------------------------------------------------------
Test suite `/home/suporte/Área de Trabalho/pc/tests/e1/aval_076'
[/home/suporte/Área de Trabalho/pc/tests/e1/aval_076:3] ./main tests/e1/entrada_076
[Tesh/INFO] setenv INF47_TABLE=True
[/home/suporte/Área de Trabalho/pc/tests/e1/aval_076:8] "./main tests/e1/entrada_076 | sort"
Output of </home/suporte/Área de Trabalho/pc/tests/e1/aval_076.tesh:8> mismatch:
- 1 [id12]
- 2 [34]
- 3 [56.78]
+ [34] 2
+ [56.78] 3
+ [id12] 1
Test suite `/home/suporte/Área de Trabalho/pc/tests/e1/aval_076.tesh': NOK (</home/suporte/Área de Trabalho/pc/tests/e1/aval_076.tesh:8> output mismatch)
<end of output>
Test time =   0.03 sec
----------------------------------------------------------
Test Failed.
"e1_aval_076" end time: Sep 13 17:34 BRT
"e1_aval_076" time elapsed: 00:00:00
----------------------------------------------------------

77/559 Testing: e1_avaliacao_00
77/559 Test: e1_avaliacao_00
Command: "/usr/bin/perl" "-I" "./tests/scripts" "./tests/scripts/tesh" "/home/suporte/Área de Trabalho/pc/tests/e1/avaliacao_00.tesh"
Directory: /home/suporte/Área de Trabalho/pc/build
"e1_avaliacao_00" start time: Sep 13 17:34 BRT
Output:
----------------------------------------------------------
Test suite `/home/suporte/Área de Trabalho/pc/tests/e1/avaliacao_00'
[/home/suporte/Área de Trabalho/pc/tests/e1/avaliacao_00:5] ./main ./tests/e1/input/nivel0.tokens
Output of </home/suporte/Área de Trabalho/pc/tests/e1/avaliacao_00.tesh:5> mismatch:
...
  37 TK_ESPECIAL [&]
  38 TK_ESPECIAL [$]
- 39 TK_LIT_INT [-2]
+ 39 TK_ESPECIAL [-]
+ 39 TK_LIT_INT [2]
  40 TK_LIT_FLOAT [31794.45]
  41 TK_LIT_CHAR ['&']
...
Test suite `/home/suporte/Área de Trabalho/pc/tests/e1/avaliacao_00.tesh': NOK (</home/suporte/Área de Trabalho/pc/tests/e1/avaliacao_00.tesh:5> output mismatch)
<end of output>
Test time =   0.03 sec
----------------------------------------------------------
Test Failed.
"e1_avaliacao_00" end time: Sep 13 17:34 BRT
"e1_avaliacao_00" time elapsed: 00:00:00
----------------------------------------------------------

78/559 Testing: e1_avaliacao_01
78/559 Test: e1_avaliacao_01
Command: "/usr/bin/perl" "-I" "./tests/scripts" "./tests/scripts/tesh" "/home/suporte/Área de Trabalho/pc/tests/e1/avaliacao_01.tesh"
Directory: /home/suporte/Área de Trabalho/pc/build
"e1_avaliacao_01" start time: Sep 13 17:34 BRT
Output:
----------------------------------------------------------
Test suite `/home/suporte/Área de Trabalho/pc/tests/e1/avaliacao_01'
[/home/suporte/Área de Trabalho/pc/tests/e1/avaliacao_01:5] ./main ./tests/e1/input/nivel1.tokens
[Tesh/INFO] setenv INF47_TABLE=True
[/home/suporte/Área de Trabalho/pc/tests/e1/avaliacao_01:589] "./main ./tests/e1/input/nivel1.tokens | sort"
Test suite `/home/suporte/Área de Trabalho/pc/tests/e1/avaliacao_01' OK
<end of output>
Test time =   0.03 sec
----------------------------------------------------------
Test Passed.
"e1_avaliacao_01" end time: Sep 13 17:34 BRT
"e1_avaliacao_01" time elapsed: 00:00:00
----------------------------------------------------------

79/559 Testing: e1_avaliacao_02
79/559 Test: e1_avaliacao_02
Command: "/usr/bin/perl" "-I" "./tests/scripts" "./tests/scripts/tesh" "/home/suporte/Área de Trabalho/pc/tests/e1/avaliacao_02.tesh"
Directory: /home/suporte/Área de Trabalho/pc/build
"e1_avaliacao_02" start time: Sep 13 17:34 BRT
Output:
----------------------------------------------------------
Test suite `/home/suporte/Área de Trabalho/pc/tests/e1/avaliacao_02'
[/home/suporte/Área de Trabalho/pc/tests/e1/avaliacao_02:5] ./main ./tests/e1/input/nivel2.tokens
Output of </home/suporte/Área de Trabalho/pc/tests/e1/avaliacao_02.tesh:5> mismatch:
...
  1 TK_ESPECIAL [*]
  1 TK_LIT_CHAR ['d']
- 2 TK_LIT_FLOAT [-96.6994641]
+ 2 TK_ESPECIAL [-]
+ 2 TK_LIT_FLOAT [96.6994641]
  2 TK_LIT_CHAR ['*']
  2 TK_LIT_CHAR ['*']
- 2 TK_LIT_INT [-8336]
+ 2 TK_ESPECIAL [-]
+ 2 TK_LIT_INT [8336]
  3 TK_LIT_STRING ["h int gZ:N<=ki860v+ _5sN&& if Rc<:{2>=R[f4]A9 output A6Y then Vcbk"]
  3 TK_ESPECIAL [/]
...
  7 TK_LIT_FLOAT [0105632.17140]
  7 TK_LIT_INT [941831591]
- 7 TK_LIT_INT [-97]
+ 7 TK_ESPECIAL [-]
+ 7 TK_LIT_INT [97]
  7 TK_ESPECIAL [:]
  8 TK_LIT_STRING ["D bool XvJ8 while  else [ else  * "]
...
  9 TK_ESPECIAL [>]
  9 TK_LIT_CHAR [':']
- 9 TK_LIT_INT [-74499494]
+ 9 TK_ESPECIAL [-]
+ 9 TK_LIT_INT [74499494]
  9 TK_LIT_CHAR ['[']
  9 TK_ESPECIAL [-]
  9 TK_LIT_CHAR ['[']
  9 TK_ESPECIAL [-]
- 9 TK_LIT_FLOAT [-16891823.88671]
+ 9 TK_ESPECIAL [-]
+ 9 TK_LIT_FLOAT [16891823.88671]
  9 TK_ESPECIAL [{]
  9 TK_PR_RETURN [return]
...
  10 TK_PR_CHAR [char]
  10 TK_ESPECIAL [;]
- 10 TK_LIT_FLOAT [-81029.696169700]
+ 10 TK_ESPECIAL [-]
+ 10 TK_LIT_FLOAT [81029.696169700]
  10 TK_LIT_CHAR [']']
  10 TK_ESPECIAL [>]
...
  11 TK_IDENTIFICADOR [_YKOIOeIBGHC6uUPcgTNuja6tidVQ6nun3bR7bYwUEoNMEiBxPoFO_yGK5zA1EvTvXw4KLYjtpQBvhuXAx_IzU]
  11 TK_ESPECIAL [}]
- 11 TK_LIT_FLOAT [-090.0666721798]
- 11 TK_LIT_FLOAT [-6607.93589]
- 11 TK_LIT_FLOAT [-94083.18]
+ 11 TK_ESPECIAL [-]
+ 11 TK_LIT_FLOAT [090.0666721798]
+ 11 TK_ESPECIAL [-]
+ 11 TK_LIT_FLOAT [6607.93589]
+ 11 TK_ESPECIAL [-]
+ 11 TK_LIT_FLOAT [94083.18]
  11 TK_PR_OUTPUT [output]
  11 TK_ESPECIAL [>]
...
  14 TK_IDENTIFICADOR [__yXlEre77T6LOLns5hqJJyAWceh5Seq6CcJ53inrjOxCnfZsF3hWrzzSeHTOVKoPFrp3vpLnDTfrM8WTQCWhY]
  14 TK_ESPECIAL [-]
- 14 TK_LIT_INT [-1]
+ 14 TK_ESPECIAL [-]
+ 14 TK_LIT_INT [1]
  15 TK_IDENTIFICADOR [____RDyuGVvQgCQ9HFfcyLLdubOPHtKb45c0NHyGlXmR6KZYhOEuWXm2g5fkz1XSrMiGIM1]
  15 TK_PR_INPUT [input]
  15 TK_IDENTIFICADOR [____RDyuGVvQgCQ9HFfcyLLdubOPHtKb45c0NHyGlXmR6KZYhOEuWXm2g5fkz1XSrMiGIM1]
  15 TK_PR_INPUT [input]
- 15 TK_LIT_FLOAT [-59763791.36227575]
+ 15 TK_ESPECIAL [-]
+ 15 TK_LIT_FLOAT [59763791.36227575]
  15 TK_ESPECIAL [=]
  15 TK_LIT_INT [64]
  15 TK_ESPECIAL [=]
  15 TK_LIT_INT [64]
- 15 TK_LIT_FLOAT [-7435873.076]
+ 15 TK_ESPECIAL [-]
+ 15 TK_LIT_FLOAT [7435873.076]
  15 TK_PR_BOOL [bool]
  16 TK_PR_STRING [string]
...
  17 TK_LIT_STRING ["B - M5"]
  17 TK_ESPECIAL [)]
- 17 TK_LIT_INT [-293193100]
+ 17 TK_ESPECIAL [-]
+ 17 TK_LIT_INT [293193100]
  17 TK_LIT_STRING ["8 - zZP: if  char <2+ AH * &8Dzk then + wFV"]
  17 TK_ESPECIAL [)]
...
  19 TK_LIT_CHAR ['>']
  19 TK_PR_ELSE [else]
- 19 TK_LIT_INT [-278]
+ 19 TK_ESPECIAL [-]
+ 19 TK_LIT_INT [278]
  19 TK_IDENTIFICADOR [__input]
  19 TK_IDENTIFICADOR [__input]
- 19 TK_LIT_FLOAT [-42729.37024056]
+ 19 TK_ESPECIAL [-]
+ 19 TK_LIT_FLOAT [42729.37024056]
  20 TK_PR_FLOAT [float]
  20 TK_LIT_STRING ["As2E float X$_jb input ==Z if  then Udr = ,Xv0M&&"]
...
  26 TK_ESPECIAL [[]
  26 TK_LIT_CHAR ['[']
- 26 TK_LIT_FLOAT [-9207608783.5897040]
+ 26 TK_ESPECIAL [-]
+ 26 TK_LIT_FLOAT [9207608783.5897040]
  26 TK_LIT_INT [0684413022]
  27 TK_LIT_STRING ["NcE7Ck"]
...
  27 TK_ESPECIAL [}]
  27 TK_ESPECIAL [-]
- 27 TK_LIT_FLOAT [-4048.6580826]
+ 27 TK_ESPECIAL [-]
+ 27 TK_LIT_FLOAT [4048.6580826]
  28 TK_LIT_STRING ["e[ - IS return  output )w(695}fm>=tM[ char t) bool o$ while X - iw"]
  28 TK_LIT_FLOAT [397164189.93927]
...
  28 TK_LIT_INT [7409399840]
  28 TK_LIT_FLOAT [4.15]
- 28 TK_LIT_INT [-4]
+ 28 TK_ESPECIAL [-]
+ 28 TK_LIT_INT [4]
  28 TK_ESPECIAL [>]
  28 TK_LIT_STRING ["<=DWU!=Z return m$"]
...
  34 TK_LIT_STRING ["Wi>XH - >=p&f9 then &$s string QJt<=;Jr]Wa]p while 2r5aKh}Fks / r9k float VS2 output "]
  34 TK_LIT_STRING ["m) float pXoQ{(pu * ;t]ri return Sg>"]
- 34 TK_LIT_INT [-60919706]
+ 34 TK_ESPECIAL [-]
+ 34 TK_LIT_INT [60919706]
  34 TK_IDENTIFICADOR [__int]
  35 TK_IDENTIFICADOR [_8lqBJoNc0sRou6eK4oylMcScG6N1Koxa57WUm8l3vJtRZV2oYsHrfU9Z3GtCv]
...
  41 TK_LIT_CHAR ['$']
  42 TK_IDENTIFICADOR [_wyXBWiOGzd]
- 42 TK_LIT_INT [-86916159]
+ 42 TK_ESPECIAL [-]
+ 42 TK_LIT_INT [86916159]
  42 TK_ESPECIAL [:]
  42 TK_ESPECIAL [:]
- 42 TK_LIT_INT [-904015]
+ 42 TK_ESPECIAL [-]
+ 42 TK_LIT_INT [904015]
  43 TK_IDENTIFICADOR [__A9y4d_DLCx3cTgtT0ycwt50CfSwJ7RLSOVf87E6k9cEz2Mtxw6iwVk_S]
  43 TK_ESPECIAL [+]
...
  43 TK_ESPECIAL [+]
  44 TK_IDENTIFICADOR [___3AOOLbFL4CrZOnuq4GMOL7jh15WGfOzbynQFH_TWeTQX8qUP0h6WSgWsIgATtMQ0KU6eln9hz1qG2lE]
- 44 TK_LIT_INT [-63044851]
- 44 TK_LIT_FLOAT [-01.533004278]
+ 44 TK_ESPECIAL [-]
+ 44 TK_LIT_INT [63044851]
+ 44 TK_ESPECIAL [-]
+ 44 TK_LIT_FLOAT [01.533004278]
  44 TK_ESPECIAL [}]
  44 TK_LIT_INT [71705351]
...
  45 TK_PR_BOOL [bool]
  45 TK_LIT_FLOAT [195.3]
- 45 TK_LIT_INT [-39]
+ 45 TK_ESPECIAL [-]
+ 45 TK_LIT_INT [39]
  46 TK_LIT_STRING ["r>=&&t input [fLLt2H return UJy8];W{kDJW while  input WuQirja8gz"]
  46 TK_ESPECIAL [{]
...
  46 TK_LIT_FLOAT [65500453.849416]
  46 TK_LIT_INT [1233854651]
- 46 TK_LIT_INT [-02030321]
+ 46 TK_ESPECIAL [-]
+ 46 TK_LIT_INT [02030321]
  46 TK_ESPECIAL [$]
  46 TK_ESPECIAL [{]
...
  48 TK_ESPECIAL [;]
  48 TK_LIT_CHAR ['O']
- 49 TK_LIT_FLOAT [-851332.0157472]
+ 49 TK_ESPECIAL [-]
+ 49 TK_LIT_FLOAT [851332.0157472]
  49 TK_LIT_INT [1301992]
  49 TK_LIT_STRING ["v5 - }T;)(ujVo7m2hU1==9 / zhPQ35"]
...
  51 TK_LIT_CHAR ['S']
  51 TK_ESPECIAL [}]
- 51 TK_LIT_FLOAT [-0160024.502173742]
+ 51 TK_ESPECIAL [-]
+ 51 TK_LIT_FLOAT [0160024.502173742]
  51 TK_PR_IF [if]
  52 TK_LIT_STRING ["xyAI output $J output  do &Cb return  - c9!=1W8$Y int L"]
  51 TK_PR_IF [if]
  52 TK_LIT_STRING ["xyAI output $J output  do &Cb return  - c9!=1W8$Y int L"]
- 52 TK_LIT_FLOAT [-6835868684.98119]
+ 52 TK_ESPECIAL [-]
+ 52 TK_LIT_FLOAT [6835868684.98119]
  52 TK_ESPECIAL [+]
  52 TK_PR_THEN [then]
...
  53 TK_LIT_STRING [""]
  53 TK_LIT_STRING ["Eim7Xwc, if N> output 3s&&vTFb else "]
- 53 TK_LIT_FLOAT [-1023931997.60]
+ 53 TK_ESPECIAL [-]
+ 53 TK_LIT_FLOAT [1023931997.60]
  53 TK_ESPECIAL [=]
  54 TK_ESPECIAL [*]
...
  56 TK_LIT_CHAR ['i']
  56 TK_LIT_FLOAT [2409.93986]
- 56 TK_LIT_FLOAT [-0.2103]
+ 56 TK_ESPECIAL [-]
+ 56 TK_LIT_FLOAT [0.2103]
  56 TK_ESPECIAL [/]
  56 TK_LIT_CHAR ['L']
...
  61 TK_IDENTIFICADOR [_____VfmCtXUN4RP8pxvgSdDCM57Lq14jFQVpJIbBD1pr1LjmRox8vqFYk5Z1Oo5EG9sL]
  61 TK_PR_INPUT [input]
- 61 TK_LIT_INT [-007]
+ 61 TK_ESPECIAL [-]
+ 61 TK_LIT_INT [007]
  61 TK_PR_OUTPUT [output]
  61 TK_ESPECIAL [[]
...
  65 TK_IDENTIFICADOR [__8xA5AgexkesAicr8cyNnYiIhBf0bKMLMUirJL1VmeymHvsnMCX3HpvwnVVSWwZLSV88DJlgJJ_YGatw]
  65 TK_ESPECIAL []]
- 65 TK_LIT_INT [-900583831]
+ 65 TK_ESPECIAL [-]
+ 65 TK_LIT_INT [900583831]
  65 TK_LIT_INT [9340]
  65 TK_LIT_FLOAT [17805567.9664]
...
  70 TK_ESPECIAL [$]
  71 TK_LIT_FLOAT [470.5547]
- 71 TK_LIT_INT [-6212694]
+ 71 TK_ESPECIAL [-]
+ 71 TK_LIT_INT [6212694]
  71 TK_LIT_CHAR ['(']
  71 TK_LIT_FLOAT [0448.6537990]
...
  71 TK_LIT_FLOAT [0448.6537990]
  71 TK_ESPECIAL [$]
- 71 TK_LIT_FLOAT [-9786038.00036]
+ 71 TK_ESPECIAL [-]
+ 71 TK_LIT_FLOAT [9786038.00036]
  71 TK_LIT_CHAR [';']
  72 TK_LIT_STRING ["&& do &z||F} while "]
...
  74 TK_LIT_FLOAT [3196.491237980]
  74 TK_ESPECIAL [[]
- 74 TK_LIT_FLOAT [-5241496145.0]
+ 74 TK_ESPECIAL [-]
+ 74 TK_LIT_FLOAT [5241496145.0]
  74 TK_ESPECIAL [{]
  74 TK_PR_RETURN [return]
  74 TK_ESPECIAL [{]
  74 TK_PR_RETURN [return]
- 75 TK_LIT_FLOAT [-33065642.302386233]
+ 75 TK_ESPECIAL [-]
+ 75 TK_LIT_FLOAT [33065642.302386233]
  75 TK_LIT_STRING ["U - eK char f1XKpk>xE if cDGms{w_Wat / jgi{8,g)v else  char "]
  75 TK_ESPECIAL [:]
...
  76 TK_LIT_CHAR [',']
  76 TK_ESPECIAL []]
- 77 TK_LIT_INT [-962401695]
+ 77 TK_ESPECIAL [-]
+ 77 TK_LIT_INT [962401695]
  77 TK_LIT_FLOAT [08.4198786256]
  77 TK_LIT_CHAR ['<']
...
  79 TK_LIT_STRING [" do  / 4 do kRR[F output O if  output >=3A2 do  else &slMUG0m+ Fv"]
  79 TK_LIT_INT [595939]
- 79 TK_LIT_INT [-8809004]
- 79 TK_LIT_INT [-970]
+ 79 TK_ESPECIAL [-]
+ 79 TK_LIT_INT [8809004]
+ 79 TK_ESPECIAL [-]
+ 79 TK_LIT_INT [970]
  79 TK_ESPECIAL [[]
  79 TK_ESPECIAL [[]
...
  79 TK_LIT_FLOAT [339.95214]
  81 TK_LIT_STRING ["$;MKc)Sney8c;X+ 5 then  output  *  string ==! float }Igegs1 = 2P;9jwH char J7;;"]
- 81 TK_LIT_INT [-7]
+ 81 TK_ESPECIAL [-]
+ 81 TK_LIT_INT [7]
  81 TK_ESPECIAL [}]
  81 TK_PR_DO [do]
  81 TK_ESPECIAL [}]
  81 TK_PR_DO [do]
- 81 TK_LIT_INT [-64830532]
- 81 TK_LIT_INT [-29969096]
- 81 TK_LIT_FLOAT [-9868693181.233018]
+ 81 TK_ESPECIAL [-]
+ 81 TK_LIT_INT [64830532]
+ 81 TK_ESPECIAL [-]
+ 81 TK_LIT_INT [29969096]
+ 81 TK_ESPECIAL [-]
+ 81 TK_LIT_FLOAT [9868693181.233018]
  81 TK_ESPECIAL [(]
  82 TK_LIT_STRING [" while f"]
...
  82 TK_IDENTIFICADOR [___input]
  82 TK_LIT_INT [32300]
- 82 TK_LIT_FLOAT [-0100520915.00942]
+ 82 TK_ESPECIAL [-]
+ 82 TK_LIT_FLOAT [0100520915.00942]
  82 TK_ESPECIAL [<]
  82 TK_ESPECIAL [<]
- 82 TK_LIT_FLOAT [-660.737]
+ 82 TK_ESPECIAL [-]
+ 82 TK_LIT_FLOAT [660.737]
  82 TK_ESPECIAL [)]
  82 TK_ESPECIAL [)]
- 83 TK_LIT_INT [-0802367690]
+ 83 TK_ESPECIAL [-]
+ 83 TK_LIT_INT [0802367690]
  83 TK_LIT_CHAR ['}']
  83 TK_ESPECIAL [(]
...
  83 TK_PR_INT [int]
  83 TK_PR_THEN [then]
- 83 TK_LIT_INT [-562556]
+ 83 TK_ESPECIAL [-]
+ 83 TK_LIT_INT [562556]
  83 TK_ESPECIAL [}]
  83 TK_ESPECIAL [=]
...
  85 TK_IDENTIFICADOR [___RnImIuk7yAG_RlJVukq1XoUFjTU3JNcJbZapCov90bH5Tv]
  85 TK_LIT_FLOAT [163846.63]
- 85 TK_LIT_INT [-676]
- 85 TK_LIT_FLOAT [-4280253.335]
+ 85 TK_ESPECIAL [-]
+ 85 TK_LIT_INT [676]
+ 85 TK_ESPECIAL [-]
+ 85 TK_LIT_FLOAT [4280253.335]
  85 TK_PR_FLOAT [float]
  86 TK_IDENTIFICADOR [____LikZrNCpE_ZQRI3gam0GfGs2YQcBNRfwLZFUHn_q3TpJo47yRHvULDqYYW_gUxxmjCQXLELWTqnI5fGOlC_nUpdf8Zye]
...
  86 TK_ESPECIAL [[]
  87 TK_LIT_FLOAT [29535.5815958013]
- 87 TK_LIT_INT [-9349895]
+ 87 TK_ESPECIAL [-]
+ 87 TK_LIT_INT [9349895]
  87 TK_LIT_INT [16943983]
  87 TK_ESPECIAL [{]
...
  89 TK_IDENTIFICADOR [__se]
  89 TK_LIT_CHAR ['i']
- 89 TK_LIT_INT [-3792060249]
+ 89 TK_ESPECIAL [-]
+ 89 TK_LIT_INT [3792060249]
  89 TK_LIT_CHAR ['e']
  89 TK_ESPECIAL [}]
...
  95 TK_LIT_CHAR ['J']
  95 TK_ESPECIAL [>]
- 95 TK_LIT_INT [-27]
+ 95 TK_ESPECIAL [-]
+ 95 TK_LIT_INT [27]
  95 TK_LIT_CHAR ['6']
  95 TK_LIT_CHAR ['6']
- 95 TK_LIT_FLOAT [-546688791.5931]
+ 95 TK_ESPECIAL [-]
+ 95 TK_LIT_FLOAT [546688791.5931]
  95 TK_ESPECIAL []]
  95 TK_PR_CHAR [char]
...
  97 TK_ESPECIAL []]
  97 TK_LIT_INT [4973213490]
- 97 TK_LIT_FLOAT [-21399609.10]
+ 97 TK_ESPECIAL [-]
+ 97 TK_LIT_FLOAT [21399609.10]
  97 TK_LIT_INT [19544]
  98 TK_ESPECIAL [;]
...
  98 TK_PR_RETURN [return]
  98 TK_PR_INT [int]
- 98 TK_LIT_INT [-04]
+ 98 TK_ESPECIAL [-]
+ 98 TK_LIT_INT [04]
  98 TK_LIT_CHAR ['V']
  98 TK_LIT_CHAR ['V']
- 98 TK_LIT_INT [-64]
+ 98 TK_ESPECIAL [-]
+ 98 TK_LIT_INT [64]
  98 TK_PR_OUTPUT [output]
  98 TK_ESPECIAL [(]
...
  99 TK_LIT_CHAR ['E']
  99 TK_ESPECIAL [/]
- 99 TK_LIT_FLOAT [-42599.12063925]
+ 99 TK_ESPECIAL [-]
+ 99 TK_LIT_FLOAT [42599.12063925]
  99 TK_LIT_INT [753]
  99 TK_LIT_CHAR [')']
...
  101 TK_IDENTIFICADOR [___Jv2tI3M47_PseLHsB5L6OMHxH90XphxPouvEwvey9d2OIN1SQ6AVGsRynr7UrOUcoZc28WNo]
  101 TK_ESPECIAL [+]
- 101 TK_LIT_FLOAT [-750217.3]
+ 101 TK_ESPECIAL [-]
+ 101 TK_LIT_FLOAT [750217.3]
  101 TK_LIT_INT [4695535553]
  101 TK_PR_FLOAT [float]
  101 TK_LIT_INT [4695535553]
  101 TK_PR_FLOAT [float]
- 101 TK_LIT_FLOAT [-1.696]
+ 101 TK_ESPECIAL [-]
+ 101 TK_LIT_FLOAT [1.696]
  101 TK_ESPECIAL [}]
  101 TK_ESPECIAL [/]
...
  105 TK_ESPECIAL [/]
  105 TK_ESPECIAL [(]
- 105 TK_LIT_INT [-81026]
- 105 TK_LIT_INT [-6]
+ 105 TK_ESPECIAL [-]
+ 105 TK_LIT_INT [81026]
+ 105 TK_ESPECIAL [-]
+ 105 TK_LIT_INT [6]
  105 TK_LIT_INT [6312]
  106 TK_IDENTIFICADOR [_1iCSREiCIVOHwhz32aYJlwzlUlvKuaNDG9qNJ1_iCucleT4xt9JJSUcerGPPoX0vcQd9iaAM32dTF_gwVrQVSLL23D_6u8w]
...
  108 TK_ESPECIAL [,]
  109 TK_IDENTIFICADOR [___scuz9eXbZaOiNc4tEKVaErOA1dbF1kNftSJjS3253d8cRsY5PriKCTgNtM1JTW4sW3UmJGQQ7ERML4xj]
- 109 TK_LIT_INT [-1946953521]
+ 109 TK_ESPECIAL [-]
+ 109 TK_LIT_INT [1946953521]
  109 TK_ESPECIAL [}]
  109 TK_PR_CHAR [char]
...
  113 TK_IDENTIFICADOR [_____Sl2GbryhsakjK1tQHhIgZspVpen5OnMihIjVlducS3mWPIpNxU9dNpbGt9jIOpYyBcsrlK8dWeH_MH6t9VcYa6iSTF]
  113 TK_IDENTIFICADOR [___5xlBw1UikBJRUL8fX6LTb97IDebpGgQ5TZEl8bVZr0Sw17IhsaXJJDhLbx]
- 114 TK_LIT_FLOAT [-91113719.24115928]
+ 114 TK_ESPECIAL [-]
+ 114 TK_LIT_FLOAT [91113719.24115928]
  114 TK_LIT_CHAR ['o']
  114 TK_ESPECIAL [-]
...
  114 TK_IDENTIFICADOR [_____float]
  114 TK_LIT_INT [1714]
- 114 TK_LIT_INT [-64894]
+ 114 TK_ESPECIAL [-]
+ 114 TK_LIT_INT [64894]
  114 TK_ESPECIAL [>]
  114 TK_LIT_STRING ["<"]
...
  114 TK_ESPECIAL [>]
  115 TK_IDENTIFICADOR [____t9KaiFkzovoDsQQ4ouOU1FGAqXUyZX9M2w8zfI6GI7SBK]
- 115 TK_LIT_FLOAT [-7710198996.246420]
+ 115 TK_ESPECIAL [-]
+ 115 TK_LIT_FLOAT [7710198996.246420]
  115 TK_LIT_INT [7]
  115 TK_LIT_INT [7]
- 116 TK_LIT_INT [-703]
+ 116 TK_ESPECIAL [-]
+ 116 TK_LIT_INT [703]
  116 TK_LIT_FLOAT [242581.4]
  116 TK_LIT_CHAR ['*']
...
  116 TK_LIT_STRING ["kC;+ 1lFG] int H_p<brhZ"]
  117 TK_LIT_STRING ["E<>=G string  -  while oR do  do ga>}R bool LCjuk_yPN"]
- 117 TK_LIT_INT [-80]
- 117 TK_LIT_FLOAT [-47951.2842840792]
- 117 TK_LIT_INT [-036982679]
+ 117 TK_ESPECIAL [-]
+ 117 TK_LIT_INT [80]
+ 117 TK_ESPECIAL [-]
+ 117 TK_LIT_FLOAT [47951.2842840792]
+ 117 TK_ESPECIAL [-]
+ 117 TK_LIT_INT [036982679]
  117 TK_LIT_STRING ["j4"]
  117 TK_PR_INPUT [input]
...
  119 TK_LIT_INT [5158892]
  119 TK_ESPECIAL [,]
- 119 TK_LIT_INT [-12764693]
  119 TK_ESPECIAL [-]
  119 TK_ESPECIAL [-]
+ 119 TK_LIT_INT [12764693]
+ 119 TK_ESPECIAL [-]
  119 TK_ESPECIAL [=]
  119 TK_ESPECIAL [,]
...
  120 TK_LIT_CHAR ['/']
  121 TK_IDENTIFICADOR [____HTOO00thh32DH2abW5BYlJwdrNl1dYQnZEW3kZZOqPHra6hAYlen2M7tXBIm]
- 121 TK_LIT_FLOAT [-75603.9]
+ 121 TK_ESPECIAL [-]
[...]
[/home/suporte/Área de Trabalho/pc/tests/e1/valg_071:4] ./tests/scripts/valgrindtest ./main tests/e1/entrada_071
(ignoring the output of </home/suporte/Área de Trabalho/pc/tests/e1/valg_071.tesh:4> as requested)
Test suite `/home/suporte/Área de Trabalho/pc/tests/e1/valg_071' OK
<end of output>
Test time =   0.35 sec
----------------------------------------------------------
Test Passed.
"e1_valg_071" end time: Sep 13 17:34 BRT
"e1_valg_071" time elapsed: 00:00:00
----------------------------------------------------------

165/559 Testing: e1_valg_072
165/559 Test: e1_valg_072
Command: "/usr/bin/perl" "-I" "./tests/scripts" "./tests/scripts/tesh" "/home/suporte/Área de Trabalho/pc/tests/e1/valg_072.tesh"
Directory: /home/suporte/Área de Trabalho/pc/build
"e1_valg_072" start time: Sep 13 17:34 BRT
Output:
----------------------------------------------------------
Test suite `/home/suporte/Área de Trabalho/pc/tests/e1/valg_072'
[/home/suporte/Área de Trabalho/pc/tests/e1/valg_072:4] ./tests/scripts/valgrindtest ./main tests/e1/entrada_072
(ignoring the output of </home/suporte/Área de Trabalho/pc/tests/e1/valg_072.tesh:4> as requested)
Test suite `/home/suporte/Área de Trabalho/pc/tests/e1/valg_072' OK
<end of output>
Test time =   0.35 sec
----------------------------------------------------------
Test Passed.
"e1_valg_072" end time: Sep 13 17:34 BRT
"e1_valg_072" time elapsed: 00:00:00
----------------------------------------------------------

166/559 Testing: e1_valg_073
166/559 Test: e1_valg_073
Command: "/usr/bin/perl" "-I" "./tests/scripts" "./tests/scripts/tesh" "/home/suporte/Área de Trabalho/pc/tests/e1/valg_073.tesh"
Directory: /home/suporte/Área de Trabalho/pc/build
"e1_valg_073" start time: Sep 13 17:34 BRT
Output:
----------------------------------------------------------
Test suite `/home/suporte/Área de Trabalho/pc/tests/e1/valg_073'
[/home/suporte/Área de Trabalho/pc/tests/e1/valg_073:4] ./tests/scripts/valgrindtest ./main tests/e1/entrada_073
(ignoring the output of </home/suporte/Área de Trabalho/pc/tests/e1/valg_073.tesh:4> as requested)
Test suite `/home/suporte/Área de Trabalho/pc/tests/e1/valg_073' OK
<end of output>
Test time =   0.35 sec
----------------------------------------------------------
Test Passed.
"e1_valg_073" end time: Sep 13 17:34 BRT
"e1_valg_073" time elapsed: 00:00:00
----------------------------------------------------------

167/559 Testing: e1_valg_074
167/559 Test: e1_valg_074
Command: "/usr/bin/perl" "-I" "./tests/scripts" "./tests/scripts/tesh" "/home/suporte/Área de Trabalho/pc/tests/e1/valg_074.tesh"
Directory: /home/suporte/Área de Trabalho/pc/build
"e1_valg_074" start time: Sep 13 17:34 BRT
Output:
----------------------------------------------------------
Test suite `/home/suporte/Área de Trabalho/pc/tests/e1/valg_074'
[/home/suporte/Área de Trabalho/pc/tests/e1/valg_074:4] ./tests/scripts/valgrindtest ./main tests/e1/entrada_074
(ignoring the output of </home/suporte/Área de Trabalho/pc/tests/e1/valg_074.tesh:4> as requested)
Test suite `/home/suporte/Área de Trabalho/pc/tests/e1/valg_074' OK
<end of output>
Test time =   0.35 sec
----------------------------------------------------------
Test Passed.
"e1_valg_074" end time: Sep 13 17:35 BRT
"e1_valg_074" time elapsed: 00:00:00
----------------------------------------------------------

168/559 Testing: e1_valg_075
168/559 Test: e1_valg_075
Command: "/usr/bin/perl" "-I" "./tests/scripts" "./tests/scripts/tesh" "/home/suporte/Área de Trabalho/pc/tests/e1/valg_075.tesh"
Directory: /home/suporte/Área de Trabalho/pc/build
"e1_valg_075" start time: Sep 13 17:35 BRT
Output:
----------------------------------------------------------
Test suite `/home/suporte/Área de Trabalho/pc/tests/e1/valg_075'
[/home/suporte/Área de Trabalho/pc/tests/e1/valg_075:4] ./tests/scripts/valgrindtest ./main tests/e1/entrada_075
(ignoring the output of </home/suporte/Área de Trabalho/pc/tests/e1/valg_075.tesh:4> as requested)
Test suite `/home/suporte/Área de Trabalho/pc/tests/e1/valg_075' OK
<end of output>
Test time =   0.36 sec
----------------------------------------------------------
Test Passed.
"e1_valg_075" end time: Sep 13 17:35 BRT
"e1_valg_075" time elapsed: 00:00:00
----------------------------------------------------------

169/559 Testing: e1_valg_076
169/559 Test: e1_valg_076
Command: "/usr/bin/perl" "-I" "./tests/scripts" "./tests/scripts/tesh" "/home/suporte/Área de Trabalho/pc/tests/e1/valg_076.tesh"
Directory: /home/suporte/Área de Trabalho/pc/build
"e1_valg_076" start time: Sep 13 17:35 BRT
Output:
----------------------------------------------------------
Test suite `/home/suporte/Área de Trabalho/pc/tests/e1/valg_076'
[/home/suporte/Área de Trabalho/pc/tests/e1/valg_076:4] ./tests/scripts/valgrindtest ./main tests/e1/entrada_076
(ignoring the output of </home/suporte/Área de Trabalho/pc/tests/e1/valg_076.tesh:4> as requested)
Test suite `/home/suporte/Área de Trabalho/pc/tests/e1/valg_076' OK
<end of output>
Test time =   0.35 sec
----------------------------------------------------------
Test Passed.
"e1_valg_076" end time: Sep 13 17:35 BRT
"e1_valg_076" time elapsed: 00:00:00
----------------------------------------------------------

170/559 Testing: e1_valgrind_00
170/559 Test: e1_valgrind_00
Command: "/usr/bin/perl" "-I" "./tests/scripts" "./tests/scripts/tesh" "/home/suporte/Área de Trabalho/pc/tests/e1/valgrind_00.tesh"
Directory: /home/suporte/Área de Trabalho/pc/build
"e1_valgrind_00" start time: Sep 13 17:35 BRT
Output:
----------------------------------------------------------
Test suite `/home/suporte/Área de Trabalho/pc/tests/e1/valgrind_00'
[/home/suporte/Área de Trabalho/pc/tests/e1/valgrind_00:6] ./tests/scripts/valgrindtest ./main ./tests/e1/input/nivel0.tokens
(ignoring the output of </home/suporte/Área de Trabalho/pc/tests/e1/valgrind_00.tesh:6> as requested)
Test suite `/home/suporte/Área de Trabalho/pc/tests/e1/valgrind_00' OK
<end of output>
Test time =   0.36 sec
----------------------------------------------------------
Test Passed.
"e1_valgrind_00" end time: Sep 13 17:35 BRT
"e1_valgrind_00" time elapsed: 00:00:00
----------------------------------------------------------

171/559 Testing: e1_valgrind_01
171/559 Test: e1_valgrind_01
Command: "/usr/bin/perl" "-I" "./tests/scripts" "./tests/scripts/tesh" "/home/suporte/Área de Trabalho/pc/tests/e1/valgrind_01.tesh"
Directory: /home/suporte/Área de Trabalho/pc/build
"e1_valgrind_01" start time: Sep 13 17:35 BRT
Output:
----------------------------------------------------------
Test suite `/home/suporte/Área de Trabalho/pc/tests/e1/valgrind_01'
[/home/suporte/Área de Trabalho/pc/tests/e1/valgrind_01:6] ./tests/scripts/valgrindtest ./main ./tests/e1/input/nivel1.tokens
(ignoring the output of </home/suporte/Área de Trabalho/pc/tests/e1/valgrind_01.tesh:6> as requested)
Test suite `/home/suporte/Área de Trabalho/pc/tests/e1/valgrind_01' OK
<end of output>
Test time =   0.36 sec
----------------------------------------------------------
Test Passed.
"e1_valgrind_01" end time: Sep 13 17:35 BRT
"e1_valgrind_01" time elapsed: 00:00:00
----------------------------------------------------------

172/559 Testing: e1_valgrind_02
172/559 Test: e1_valgrind_02
Command: "/usr/bin/perl" "-I" "./tests/scripts" "./tests/scripts/tesh" "/home/suporte/Área de Trabalho/pc/tests/e1/valgrind_02.tesh"
Directory: /home/suporte/Área de Trabalho/pc/build
"e1_valgrind_02" start time: Sep 13 17:35 BRT
Output:
----------------------------------------------------------
Test suite `/home/suporte/Área de Trabalho/pc/tests/e1/valgrind_02'
[/home/suporte/Área de Trabalho/pc/tests/e1/valgrind_02:6] ./tests/scripts/valgrindtest ./main ./tests/e1/input/nivel2.tokens
(ignoring the output of </home/suporte/Área de Trabalho/pc/tests/e1/valgrind_02.tesh:6> as requested)
Test suite `/home/suporte/Área de Trabalho/pc/tests/e1/valgrind_02' OK
<end of output>
Test time =   1.22 sec
----------------------------------------------------------
Test Passed.
"e1_valgrind_02" end time: Sep 13 17:35 BRT
"e1_valgrind_02" time elapsed: 00:00:01
----------------------------------------------------------

173/559 Testing: e1_valgrind_03
173/559 Test: e1_valgrind_03
Command: "/usr/bin/perl" "-I" "./tests/scripts" "./tests/scripts/tesh" "/home/suporte/Área de Trabalho/pc/tests/e1/valgrind_03.tesh"
Directory: /home/suporte/Área de Trabalho/pc/build
"e1_valgrind_03" start time: Sep 13 17:35 BRT
Output:
----------------------------------------------------------
Test suite `/home/suporte/Área de Trabalho/pc/tests/e1/valgrind_03'
[/home/suporte/Área de Trabalho/pc/tests/e1/valgrind_03:6] ./tests/scripts/valgrindtest ./main ./tests/e1/input/nivel3.tokens
(ignoring the output of </home/suporte/Área de Trabalho/pc/tests/e1/valgrind_03.tesh:6> as requested)
Test suite `/home/suporte/Área de Trabalho/pc/tests/e1/valgrind_03' OK
<end of output>
Test time =   0.36 sec
----------------------------------------------------------
Test Passed.
"e1_valgrind_03" end time: Sep 13 17:35 BRT
"e1_valgrind_03" time elapsed: 00:00:00
----------------------------------------------------------

174/559 Testing: e1_valgrind_05
174/559 Test: e1_valgrind_05
Command: "/usr/bin/perl" "-I" "./tests/scripts" "./tests/scripts/tesh" "/home/suporte/Área de Trabalho/pc/tests/e1/valgrind_05.tesh"
Directory: /home/suporte/Área de Trabalho/pc/build
"e1_valgrind_05" start time: Sep 13 17:35 BRT
Output:
----------------------------------------------------------
Test suite `/home/suporte/Área de Trabalho/pc/tests/e1/valgrind_05'
[/home/suporte/Área de Trabalho/pc/tests/e1/valgrind_05:6] ./tests/scripts/valgrindtest ./main ./tests/e1/input/nivel5.tokens
(ignoring the output of </home/suporte/Área de Trabalho/pc/tests/e1/valgrind_05.tesh:6> as requested)
Test suite `/home/suporte/Área de Trabalho/pc/tests/e1/valgrind_05' OK
<end of output>
Test time =   0.36 sec
----------------------------------------------------------
Test Passed.
"e1_valgrind_05" end time: Sep 13 17:35 BRT
"e1_valgrind_05" time elapsed: 00:00:00
----------------------------------------------------------

175/559 Testing: e1_valgrind_06
175/559 Test: e1_valgrind_06
Command: "/usr/bin/perl" "-I" "./tests/scripts" "./tests/scripts/tesh" "/home/suporte/Área de Trabalho/pc/tests/e1/valgrind_06.tesh"
Directory: /home/suporte/Área de Trabalho/pc/build
"e1_valgrind_06" start time: Sep 13 17:35 BRT
Output:
----------------------------------------------------------
Test suite `/home/suporte/Área de Trabalho/pc/tests/e1/valgrind_06'
[/home/suporte/Área de Trabalho/pc/tests/e1/valgrind_06:6] ./tests/scripts/valgrindtest ./main ./tests/e1/input/nivel6.tokens
(ignoring the output of </home/suporte/Área de Trabalho/pc/tests/e1/valgrind_06.tesh:6> as requested)
Test suite `/home/suporte/Área de Trabalho/pc/tests/e1/valgrind_06' OK
<end of output>
Test time =   0.35 sec
----------------------------------------------------------
Test Passed.
"e1_valgrind_06" end time: Sep 13 17:35 BRT
"e1_valgrind_06" time elapsed: 00:00:00
----------------------------------------------------------

176/559 Testing: e1_valgrind_07
176/559 Test: e1_valgrind_07
Command: "/usr/bin/perl" "-I" "./tests/scripts" "./tests/scripts/tesh" "/home/suporte/Área de Trabalho/pc/tests/e1/valgrind_07.tesh"
Directory: /home/suporte/Área de Trabalho/pc/build
"e1_valgrind_07" start time: Sep 13 17:35 BRT
Output:
----------------------------------------------------------
Test suite `/home/suporte/Área de Trabalho/pc/tests/e1/valgrind_07'
[/home/suporte/Área de Trabalho/pc/tests/e1/valgrind_07:6] ./tests/scripts/valgrindtest ./main ./tests/e1/input/nivel7.tokens
(ignoring the output of </home/suporte/Área de Trabalho/pc/tests/e1/valgrind_07.tesh:6> as requested)
Test suite `/home/suporte/Área de Trabalho/pc/tests/e1/valgrind_07' OK
<end of output>
Test time =   0.35 sec
----------------------------------------------------------
Test Passed.
"e1_valgrind_07" end time: Sep 13 17:35 BRT
"e1_valgrind_07" time elapsed: 00:00:00
----------------------------------------------------------

177/559 Testing: e1_valgrind_08
177/559 Test: e1_valgrind_08
Command: "/usr/bin/perl" "-I" "./tests/scripts" "./tests/scripts/tesh" "/home/suporte/Área de Trabalho/pc/tests/e1/valgrind_08.tesh"
Directory: /home/suporte/Área de Trabalho/pc/build
"e1_valgrind_08" start time: Sep 13 17:35 BRT
Output:
----------------------------------------------------------
Test suite `/home/suporte/Área de Trabalho/pc/tests/e1/valgrind_08'
[/home/suporte/Área de Trabalho/pc/tests/e1/valgrind_08:6] ./tests/scripts/valgrindtest ./main ./tests/e1/input/nivel8.tokens
(ignoring the output of </home/suporte/Área de Trabalho/pc/tests/e1/valgrind_08.tesh:6> as requested)
Test suite `/home/suporte/Área de Trabalho/pc/tests/e1/valgrind_08' OK
<end of output>
Test time =   0.36 sec
----------------------------------------------------------
Test Passed.
"e1_valgrind_08" end time: Sep 13 17:35 BRT
"e1_valgrind_08" time elapsed: 00:00:00
----------------------------------------------------------

178/559 Testing: e1_valgrind_09
178/559 Test: e1_valgrind_09
Command: "/usr/bin/perl" "-I" "./tests/scripts" "./tests/scripts/tesh" "/home/suporte/Área de Trabalho/pc/tests/e1/valgrind_09.tesh"
Directory: /home/suporte/Área de Trabalho/pc/build
"e1_valgrind_09" start time: Sep 13 17:35 BRT
Output:
----------------------------------------------------------
Test suite `/home/suporte/Área de Trabalho/pc/tests/e1/valgrind_09'
[/home/suporte/Área de Trabalho/pc/tests/e1/valgrind_09:6] ./tests/scripts/valgrindtest ./main ./tests/e1/input/nivel9.tokens
(ignoring the output of </home/suporte/Área de Trabalho/pc/tests/e1/valgrind_09.tesh:6> as requested)
Test suite `/home/suporte/Área de Trabalho/pc/tests/e1/valgrind_09' OK
<end of output>
Test time =   0.35 sec
----------------------------------------------------------
Test Passed.
"e1_valgrind_09" end time: Sep 13 17:35 BRT
"e1_valgrind_09" time elapsed: 00:00:00
----------------------------------------------------------

179/559 Testing: e1_valgrind_10
179/559 Test: e1_valgrind_10
Command: "/usr/bin/perl" "-I" "./tests/scripts" "./tests/scripts/tesh" "/home/suporte/Área de Trabalho/pc/tests/e1/valgrind_10.tesh"
Directory: /home/suporte/Área de Trabalho/pc/build
"e1_valgrind_10" start time: Sep 13 17:35 BRT
Output:
----------------------------------------------------------
Test suite `/home/suporte/Área de Trabalho/pc/tests/e1/valgrind_10'
[/home/suporte/Área de Trabalho/pc/tests/e1/valgrind_10:6] ./tests/scripts/valgrindtest ./main ./tests/e1/input/nivel10.tokens
(ignoring the output of </home/suporte/Área de Trabalho/pc/tests/e1/valgrind_10.tesh:6> as requested)
Test suite `/home/suporte/Área de Trabalho/pc/tests/e1/valgrind_10' OK
<end of output>
Test time =   0.35 sec
----------------------------------------------------------
Test Passed.
"e1_valgrind_10" end time: Sep 13 17:35 BRT
"e1_valgrind_10" time elapsed: 00:00:00
----------------------------------------------------------

180/559 Testing: e1_valgrind_11
180/559 Test: e1_valgrind_11
Command: "/usr/bin/perl" "-I" "./tests/scripts" "./tests/scripts/tesh" "/home/suporte/Área de Trabalho/pc/tests/e1/valgrind_11.tesh"
Directory: /home/suporte/Área de Trabalho/pc/build
"e1_valgrind_11" start time: Sep 13 17:35 BRT
Output:
----------------------------------------------------------
Test suite `/home/suporte/Área de Trabalho/pc/tests/e1/valgrind_11'
[/home/suporte/Área de Trabalho/pc/tests/e1/valgrind_11:6] ./tests/scripts/valgrindtest ./main ./tests/e1/input/nivel11.tokens
(ignoring the output of </home/suporte/Área de Trabalho/pc/tests/e1/valgrind_11.tesh:6> as requested)
Test suite `/home/suporte/Área de Trabalho/pc/tests/e1/valgrind_11' OK
<end of output>
Test time =   0.36 sec
----------------------------------------------------------
Test Passed.
"e1_valgrind_11" end time: Sep 13 17:35 BRT
"e1_valgrind_11" time elapsed: 00:00:00
----------------------------------------------------------

181/559 Testing: e1_valgrind_12
181/559 Test: e1_valgrind_12
Command: "/usr/bin/perl" "-I" "./tests/scripts" "./tests/scripts/tesh" "/home/suporte/Área de Trabalho/pc/tests/e1/valgrind_12.tesh"
Directory: /home/suporte/Área de Trabalho/pc/build
"e1_valgrind_12" start time: Sep 13 17:35 BRT
Output:
----------------------------------------------------------
Test suite `/home/suporte/Área de Trabalho/pc/tests/e1/valgrind_12'
[/home/suporte/Área de Trabalho/pc/tests/e1/valgrind_12:6] ./tests/scripts/valgrindtest ./main ./tests/e1/input/nivel12.tokens
(ignoring the output of </home/suporte/Área de Trabalho/pc/tests/e1/valgrind_12.tesh:6> as requested)
Test suite `/home/suporte/Área de Trabalho/pc/tests/e1/valgrind_12' OK
<end of output>
Test time =   0.35 sec
----------------------------------------------------------
Test Passed.
"e1_valgrind_12" end time: Sep 13 17:35 BRT
"e1_valgrind_12" time elapsed: 00:00:00
----------------------------------------------------------

182/559 Testing: e1_valgrind_13
182/559 Test: e1_valgrind_13
Command: "/usr/bin/perl" "-I" "./tests/scripts" "./tests/scripts/tesh" "/home/suporte/Área de Trabalho/pc/tests/e1/valgrind_13.tesh"
Directory: /home/suporte/Área de Trabalho/pc/build
"e1_valgrind_13" start time: Sep 13 17:35 BRT
Output:
----------------------------------------------------------
Test suite `/home/suporte/Área de Trabalho/pc/tests/e1/valgrind_13'
[/home/suporte/Área de Trabalho/pc/tests/e1/valgrind_13:6] ./tests/scripts/valgrindtest ./main ./tests/e1/input/nivel13.tokens
(ignoring the output of </home/suporte/Área de Trabalho/pc/tests/e1/valgrind_13.tesh:6> as requested)
Test suite `/home/suporte/Área de Trabalho/pc/tests/e1/valgrind_13' OK
<end of output>
Test time =   0.36 sec
----------------------------------------------------------
Test Passed.
"e1_valgrind_13" end time: Sep 13 17:35 BRT
"e1_valgrind_13" time elapsed: 00:00:00
----------------------------------------------------------

183/559 Testing: e1_valgrind_14
183/559 Test: e1_valgrind_14
Command: "/usr/bin/perl" "-I" "./tests/scripts" "./tests/scripts/tesh" "/home/suporte/Área de Trabalho/pc/tests/e1/valgrind_14.tesh"
Directory: /home/suporte/Área de Trabalho/pc/build
"e1_valgrind_14" start time: Sep 13 17:35 BRT
Output:
----------------------------------------------------------
Test suite `/home/suporte/Área de Trabalho/pc/tests/e1/valgrind_14'
[/home/suporte/Área de Trabalho/pc/tests/e1/valgrind_14:6] ./tests/scripts/valgrindtest ./main ./tests/e1/input/nivel14.tokens
(ignoring the output of </home/suporte/Área de Trabalho/pc/tests/e1/valgrind_14.tesh:6> as requested)
Test suite `/home/suporte/Área de Trabalho/pc/tests/e1/valgrind_14' OK
<end of output>
Test time =   0.36 sec
----------------------------------------------------------
Test Passed.
"e1_valgrind_14" end time: Sep 13 17:35 BRT
"e1_valgrind_14" time elapsed: 00:00:00
----------------------------------------------------------

184/559 Testing: e1_valgrind_15
184/559 Test: e1_valgrind_15
Command: "/usr/bin/perl" "-I" "./tests/scripts" "./tests/scripts/tesh" "/home/suporte/Área de Trabalho/pc/tests/e1/valgrind_15.tesh"
Directory: /home/suporte/Área de Trabalho/pc/build
"e1_valgrind_15" start time: Sep 13 17:35 BRT
Output:
----------------------------------------------------------
Test suite `/home/suporte/Área de Trabalho/pc/tests/e1/valgrind_15'
[/home/suporte/Área de Trabalho/pc/tests/e1/valgrind_15:6] ./tests/scripts/valgrindtest ./main ./tests/e1/input/nivel15.tokens
(ignoring the output of </home/suporte/Área de Trabalho/pc/tests/e1/valgrind_15.tesh:6> as requested)
Test suite `/home/suporte/Área de Trabalho/pc/tests/e1/valgrind_15' OK
<end of output>
Test time =   0.35 sec
----------------------------------------------------------
Test Passed.
"e1_valgrind_15" end time: Sep 13 17:35 BRT
"e1_valgrind_15" time elapsed: 00:00:00
----------------------------------------------------------

End testing: Sep 13 17:35 BRT
